{"meta": {"format": 3, "version": "7.10.7", "timestamp": "2025-11-14T08:20:07.761537", "branch_coverage": false, "show_contexts": false}, "files": {"src/marketing_project/__init__.py": {"executed_lines": [1, 12, 14], "summary": {"covered_lines": 2, "num_statements": 2, "percent_covered": 100.0, "percent_covered_display": "100", "missing_lines": 0, "excluded_lines": 0}, "missing_lines": [], "excluded_lines": [], "functions": {"": {"executed_lines": [1, 12, 14], "summary": {"covered_lines": 2, "num_statements": 2, "percent_covered": 100.0, "percent_covered_display": "100", "missing_lines": 0, "excluded_lines": 0}, "missing_lines": [], "excluded_lines": []}}, "classes": {"": {"executed_lines": [1, 12, 14], "summary": {"covered_lines": 2, "num_statements": 2, "percent_covered": 100.0, "percent_covered_display": "100", "missing_lines": 0, "excluded_lines": 0}, "missing_lines": [], "excluded_lines": []}}}, "src/marketing_project/api/__init__.py": {"executed_lines": [1, 8, 11, 13], "summary": {"covered_lines": 3, "num_statements": 3, "percent_covered": 100.0, "percent_covered_display": "100", "missing_lines": 0, "excluded_lines": 0}, "missing_lines": [], "excluded_lines": [], "functions": {"": {"executed_lines": [1, 8, 11, 13], "summary": {"covered_lines": 3, "num_statements": 3, "percent_covered": 100.0, "percent_covered_display": "100", "missing_lines": 0, "excluded_lines": 0}, "missing_lines": [], "excluded_lines": []}}, "classes": {"": {"executed_lines": [1, 8, 11, 13], "summary": {"covered_lines": 3, "num_statements": 3, "percent_covered": 100.0, "percent_covered_display": "100", "missing_lines": 0, "excluded_lines": 0}, "missing_lines": [], "excluded_lines": []}}}, "src/marketing_project/api/analytics.py": {"executed_lines": [1, 7, 8, 10, 12, 20, 22, 24, 27, 28, 40, 41, 42, 43, 44, 45, 46, 51, 52, 64, 65, 66, 67, 68, 69, 70, 75, 76, 87, 88, 89, 90, 91, 92, 93, 98, 99, 110, 111, 112, 113, 114, 115, 116, 121, 122, 134, 135, 136, 137, 138, 139, 140], "summary": {"covered_lines": 52, "num_statements": 52, "percent_covered": 100.0, "percent_covered_display": "100", "missing_lines": 0, "excluded_lines": 0}, "missing_lines": [], "excluded_lines": [], "functions": {"get_dashboard_analytics": {"executed_lines": [40, 41, 42, 43, 44, 45, 46], "summary": {"covered_lines": 7, "num_statements": 7, "percent_covered": 100.0, "percent_covered_display": "100", "missing_lines": 0, "excluded_lines": 0}, "missing_lines": [], "excluded_lines": []}, "get_pipeline_analytics": {"executed_lines": [64, 65, 66, 67, 68, 69, 70], "summary": {"covered_lines": 7, "num_statements": 7, "percent_covered": 100.0, "percent_covered_display": "100", "missing_lines": 0, "excluded_lines": 0}, "missing_lines": [], "excluded_lines": []}, "get_content_analytics": {"executed_lines": [87, 88, 89, 90, 91, 92, 93], "summary": {"covered_lines": 7, "num_statements": 7, "percent_covered": 100.0, "percent_covered_display": "100", "missing_lines": 0, "excluded_lines": 0}, "missing_lines": [], "excluded_lines": []}, "get_recent_activity": {"executed_lines": [110, 111, 112, 113, 114, 115, 116], "summary": {"covered_lines": 7, "num_statements": 7, "percent_covered": 100.0, "percent_covered_display": "100", "missing_lines": 0, "excluded_lines": 0}, "missing_lines": [], "excluded_lines": []}, "get_trends": {"executed_lines": [134, 135, 136, 137, 138, 139, 140], "summary": {"covered_lines": 7, "num_statements": 7, "percent_covered": 100.0, "percent_covered_display": "100", "missing_lines": 0, "excluded_lines": 0}, "missing_lines": [], "excluded_lines": []}, "": {"executed_lines": [1, 7, 8, 10, 12, 20, 22, 24, 27, 28, 51, 52, 75, 76, 98, 99, 121, 122], "summary": {"covered_lines": 17, "num_statements": 17, "percent_covered": 100.0, "percent_covered_display": "100", "missing_lines": 0, "excluded_lines": 0}, "missing_lines": [], "excluded_lines": []}}, "classes": {"": {"executed_lines": [1, 7, 8, 10, 12, 20, 22, 24, 27, 28, 40, 41, 42, 43, 44, 45, 46, 51, 52, 64, 65, 66, 67, 68, 69, 70, 75, 76, 87, 88, 89, 90, 91, 92, 93, 98, 99, 110, 111, 112, 113, 114, 115, 116, 121, 122, 134, 135, 136, 137, 138, 139, 140], "summary": {"covered_lines": 52, "num_statements": 52, "percent_covered": 100.0, "percent_covered_display": "100", "missing_lines": 0, "excluded_lines": 0}, "missing_lines": [], "excluded_lines": []}}}, "src/marketing_project/api/approvals.py": {"executed_lines": [1, 7, 8, 9, 11, 13, 22, 29, 31, 34, 35, 207, 208, 238, 239, 409, 410, 427, 428, 441, 442, 458, 459, 567, 568, 651, 652, 875, 876, 943, 944, 1013, 1014, 1107, 1108], "summary": {"covered_lines": 34, "num_statements": 440, "percent_covered": 7.7272727272727275, "percent_covered_display": "8", "missing_lines": 406, "excluded_lines": 0}, "missing_lines": [43, 44, 47, 50, 53, 55, 56, 58, 60, 61, 63, 64, 70, 71, 73, 78, 79, 85, 86, 87, 92, 93, 94, 102, 105, 106, 114, 118, 119, 127, 130, 131, 134, 135, 141, 144, 145, 146, 147, 148, 149, 152, 153, 154, 160, 161, 172, 176, 177, 178, 180, 183, 196, 202, 203, 204, 221, 222, 223, 225, 231, 232, 233, 251, 252, 255, 258, 259, 260, 261, 262, 265, 266, 267, 268, 271, 274, 275, 278, 279, 280, 281, 282, 284, 289, 290, 291, 292, 293, 300, 301, 302, 303, 304, 305, 306, 309, 310, 311, 312, 316, 319, 320, 321, 322, 323, 332, 333, 334, 335, 336, 337, 338, 340, 341, 344, 345, 346, 349, 352, 354, 355, 357, 362, 363, 364, 365, 366, 373, 374, 377, 379, 404, 405, 406, 417, 418, 419, 420, 422, 423, 424, 432, 433, 434, 436, 437, 438, 448, 449, 450, 451, 453, 454, 455, 469, 470, 471, 473, 474, 479, 482, 489, 490, 492, 494, 495, 496, 497, 499, 500, 501, 503, 512, 518, 519, 521, 523, 524, 525, 526, 527, 528, 529, 544, 560, 561, 562, 563, 564, 580, 581, 582, 584, 585, 590, 592, 594, 595, 598, 599, 600, 601, 603, 604, 608, 609, 612, 613, 614, 631, 632, 633, 634, 635, 636, 642, 644, 645, 646, 647, 648, 659, 660, 663, 664, 665, 670, 672, 678, 680, 682, 685, 688, 689, 691, 692, 695, 696, 697, 700, 701, 704, 705, 706, 709, 712, 714, 715, 716, 721, 722, 723, 724, 725, 726, 727, 730, 731, 734, 737, 742, 743, 744, 746, 772, 775, 784, 785, 786, 787, 788, 789, 790, 792, 798, 804, 807, 809, 810, 813, 814, 817, 818, 831, 843, 844, 845, 847, 853, 854, 855, 858, 861, 862, 866, 868, 869, 870, 871, 872, 882, 883, 885, 886, 889, 890, 891, 893, 894, 897, 898, 899, 914, 915, 916, 928, 936, 937, 938, 939, 940, 958, 959, 960, 965, 966, 967, 969, 970, 971, 972, 973, 974, 976, 977, 983, 986, 987, 995, 996, 998, 1006, 1007, 1008, 1009, 1010, 1022, 1023, 1026, 1029, 1030, 1032, 1034, 1035, 1036, 1038, 1039, 1040, 1044, 1045, 1046, 1049, 1050, 1051, 1054, 1055, 1067, 1071, 1074, 1075, 1079, 1080, 1083, 1096, 1102, 1103, 1104, 1127, 1128, 1129, 1131, 1132, 1137, 1138, 1144, 1145, 1146, 1149, 1150, 1153, 1156, 1158, 1160, 1161, 1163, 1176, 1188, 1189, 1191, 1196, 1205, 1206, 1207, 1208, 1209], "excluded_lines": [], "functions": {"get_pending_approvals": {"executed_lines": [], "summary": {"covered_lines": 0, "num_statements": 56, "percent_covered": 0.0, "percent_covered_display": "0", "missing_lines": 56, "excluded_lines": 0}, "missing_lines": [43, 44, 47, 50, 53, 55, 56, 58, 60, 61, 63, 64, 70, 71, 73, 78, 79, 85, 86, 87, 92, 93, 94, 102, 105, 106, 114, 118, 119, 127, 130, 131, 134, 135, 141, 144, 145, 146, 147, 148, 149, 152, 153, 154, 160, 161, 172, 176, 177, 178, 180, 183, 196, 202, 203, 204], "excluded_lines": []}, "delete_all_approvals": {"executed_lines": [], "summary": {"covered_lines": 0, "num_statements": 7, "percent_covered": 0.0, "percent_covered_display": "0", "missing_lines": 7, "excluded_lines": 0}, "missing_lines": [221, 222, 223, 225, 231, 232, 233], "excluded_lines": []}, "get_approval_analytics": {"executed_lines": [], "summary": {"covered_lines": 0, "num_statements": 72, "percent_covered": 0.0, "percent_covered_display": "0", "missing_lines": 72, "excluded_lines": 0}, "missing_lines": [251, 252, 255, 258, 259, 260, 261, 262, 265, 266, 267, 268, 271, 274, 275, 278, 279, 280, 281, 282, 284, 289, 290, 291, 292, 293, 300, 301, 302, 303, 304, 305, 306, 309, 310, 311, 312, 316, 319, 320, 321, 322, 323, 332, 333, 334, 335, 336, 337, 338, 340, 341, 344, 345, 346, 349, 352, 354, 355, 357, 362, 363, 364, 365, 366, 373, 374, 377, 379, 404, 405, 406], "excluded_lines": []}, "get_approval_stats": {"executed_lines": [], "summary": {"covered_lines": 0, "num_statements": 7, "percent_covered": 0.0, "percent_covered_display": "0", "missing_lines": 7, "excluded_lines": 0}, "missing_lines": [417, 418, 419, 420, 422, 423, 424], "excluded_lines": []}, "get_approval_settings": {"executed_lines": [], "summary": {"covered_lines": 0, "num_statements": 6, "percent_covered": 0.0, "percent_covered_display": "0", "missing_lines": 6, "excluded_lines": 0}, "missing_lines": [432, 433, 434, 436, 437, 438], "excluded_lines": []}, "update_approval_settings": {"executed_lines": [], "summary": {"covered_lines": 0, "num_statements": 7, "percent_covered": 0.0, "percent_covered_display": "0", "missing_lines": 7, "excluded_lines": 0}, "missing_lines": [448, 449, 450, 451, 453, 454, 455], "excluded_lines": []}, "get_approval_impact": {"executed_lines": [], "summary": {"covered_lines": 0, "num_statements": 35, "percent_covered": 0.0, "percent_covered_display": "0", "missing_lines": 35, "excluded_lines": 0}, "missing_lines": [469, 470, 471, 473, 474, 479, 482, 489, 490, 492, 494, 495, 496, 497, 499, 500, 501, 503, 512, 518, 519, 521, 523, 524, 525, 526, 527, 528, 529, 544, 560, 561, 562, 563, 564], "excluded_lines": []}, "get_approval": {"executed_lines": [], "summary": {"covered_lines": 0, "num_statements": 32, "percent_covered": 0.0, "percent_covered_display": "0", "missing_lines": 32, "excluded_lines": 0}, "missing_lines": [580, 581, 582, 584, 585, 590, 592, 594, 595, 598, 599, 600, 601, 603, 604, 608, 609, 612, 613, 614, 631, 632, 633, 634, 635, 636, 642, 644, 645, 646, 647, 648], "excluded_lines": []}, "decide_approval": {"executed_lines": [], "summary": {"covered_lines": 0, "num_statements": 79, "percent_covered": 0.0, "percent_covered_display": "0", "missing_lines": 79, "excluded_lines": 0}, "missing_lines": [659, 660, 663, 664, 665, 670, 672, 678, 680, 682, 685, 688, 689, 691, 692, 695, 696, 697, 700, 701, 704, 705, 706, 709, 712, 714, 715, 716, 721, 722, 723, 724, 725, 726, 727, 730, 731, 734, 737, 742, 743, 744, 746, 772, 775, 784, 785, 786, 787, 788, 789, 790, 792, 798, 804, 807, 809, 810, 813, 814, 817, 818, 831, 843, 844, 845, 847, 853, 854, 855, 858, 861, 862, 866, 868, 869, 870, 871, 872], "excluded_lines": []}, "get_all_approvals_for_job": {"executed_lines": [], "summary": {"covered_lines": 0, "num_statements": 21, "percent_covered": 0.0, "percent_covered_display": "0", "missing_lines": 21, "excluded_lines": 0}, "missing_lines": [882, 883, 885, 886, 889, 890, 891, 893, 894, 897, 898, 899, 914, 915, 916, 928, 936, 937, 938, 939, 940], "excluded_lines": []}, "bulk_approve": {"executed_lines": [], "summary": {"covered_lines": 0, "num_statements": 25, "percent_covered": 0.0, "percent_covered_display": "0", "missing_lines": 25, "excluded_lines": 0}, "missing_lines": [958, 959, 960, 965, 966, 967, 969, 970, 971, 972, 973, 974, 976, 977, 983, 986, 987, 995, 996, 998, 1006, 1007, 1008, 1009, 1010], "excluded_lines": []}, "get_job_approvals": {"executed_lines": [], "summary": {"covered_lines": 0, "num_statements": 31, "percent_covered": 0.0, "percent_covered_display": "0", "missing_lines": 31, "excluded_lines": 0}, "missing_lines": [1022, 1023, 1026, 1029, 1030, 1032, 1034, 1035, 1036, 1038, 1039, 1040, 1044, 1045, 1046, 1049, 1050, 1051, 1054, 1055, 1067, 1071, 1074, 1075, 1079, 1080, 1083, 1096, 1102, 1103, 1104], "excluded_lines": []}, "retry_rejected_step": {"executed_lines": [], "summary": {"covered_lines": 0, "num_statements": 28, "percent_covered": 0.0, "percent_covered_display": "0", "missing_lines": 28, "excluded_lines": 0}, "missing_lines": [1127, 1128, 1129, 1131, 1132, 1137, 1138, 1144, 1145, 1146, 1149, 1150, 1153, 1156, 1158, 1160, 1161, 1163, 1176, 1188, 1189, 1191, 1196, 1205, 1206, 1207, 1208, 1209], "excluded_lines": []}, "": {"executed_lines": [1, 7, 8, 9, 11, 13, 22, 29, 31, 34, 35, 207, 208, 238, 239, 409, 410, 427, 428, 441, 442, 458, 459, 567, 568, 651, 652, 875, 876, 943, 944, 1013, 1014, 1107, 1108], "summary": {"covered_lines": 34, "num_statements": 34, "percent_covered": 100.0, "percent_covered_display": "100", "missing_lines": 0, "excluded_lines": 0}, "missing_lines": [], "excluded_lines": []}}, "classes": {"": {"executed_lines": [1, 7, 8, 9, 11, 13, 22, 29, 31, 34, 35, 207, 208, 238, 239, 409, 410, 427, 428, 441, 442, 458, 459, 567, 568, 651, 652, 875, 876, 943, 944, 1013, 1014, 1107, 1108], "summary": {"covered_lines": 34, "num_statements": 440, "percent_covered": 7.7272727272727275, "percent_covered_display": "8", "missing_lines": 406, "excluded_lines": 0}, "missing_lines": [43, 44, 47, 50, 53, 55, 56, 58, 60, 61, 63, 64, 70, 71, 73, 78, 79, 85, 86, 87, 92, 93, 94, 102, 105, 106, 114, 118, 119, 127, 130, 131, 134, 135, 141, 144, 145, 146, 147, 148, 149, 152, 153, 154, 160, 161, 172, 176, 177, 178, 180, 183, 196, 202, 203, 204, 221, 222, 223, 225, 231, 232, 233, 251, 252, 255, 258, 259, 260, 261, 262, 265, 266, 267, 268, 271, 274, 275, 278, 279, 280, 281, 282, 284, 289, 290, 291, 292, 293, 300, 301, 302, 303, 304, 305, 306, 309, 310, 311, 312, 316, 319, 320, 321, 322, 323, 332, 333, 334, 335, 336, 337, 338, 340, 341, 344, 345, 346, 349, 352, 354, 355, 357, 362, 363, 364, 365, 366, 373, 374, 377, 379, 404, 405, 406, 417, 418, 419, 420, 422, 423, 424, 432, 433, 434, 436, 437, 438, 448, 449, 450, 451, 453, 454, 455, 469, 470, 471, 473, 474, 479, 482, 489, 490, 492, 494, 495, 496, 497, 499, 500, 501, 503, 512, 518, 519, 521, 523, 524, 525, 526, 527, 528, 529, 544, 560, 561, 562, 563, 564, 580, 581, 582, 584, 585, 590, 592, 594, 595, 598, 599, 600, 601, 603, 604, 608, 609, 612, 613, 614, 631, 632, 633, 634, 635, 636, 642, 644, 645, 646, 647, 648, 659, 660, 663, 664, 665, 670, 672, 678, 680, 682, 685, 688, 689, 691, 692, 695, 696, 697, 700, 701, 704, 705, 706, 709, 712, 714, 715, 716, 721, 722, 723, 724, 725, 726, 727, 730, 731, 734, 737, 742, 743, 744, 746, 772, 775, 784, 785, 786, 787, 788, 789, 790, 792, 798, 804, 807, 809, 810, 813, 814, 817, 818, 831, 843, 844, 845, 847, 853, 854, 855, 858, 861, 862, 866, 868, 869, 870, 871, 872, 882, 883, 885, 886, 889, 890, 891, 893, 894, 897, 898, 899, 914, 915, 916, 928, 936, 937, 938, 939, 940, 958, 959, 960, 965, 966, 967, 969, 970, 971, 972, 973, 974, 976, 977, 983, 986, 987, 995, 996, 998, 1006, 1007, 1008, 1009, 1010, 1022, 1023, 1026, 1029, 1030, 1032, 1034, 1035, 1036, 1038, 1039, 1040, 1044, 1045, 1046, 1049, 1050, 1051, 1054, 1055, 1067, 1071, 1074, 1075, 1079, 1080, 1083, 1096, 1102, 1103, 1104, 1127, 1128, 1129, 1131, 1132, 1137, 1138, 1144, 1145, 1146, 1149, 1150, 1153, 1156, 1158, 1160, 1161, 1163, 1176, 1188, 1189, 1191, 1196, 1205, 1206, 1207, 1208, 1209], "excluded_lines": []}}}, "src/marketing_project/api/content.py": {"executed_lines": [1, 5, 6, 8, 10, 15, 18, 20, 23, 26, 27, 30, 37, 43, 114, 115, 121, 122, 123, 124, 127, 128, 130, 131, 132, 134, 135, 149, 150, 151, 154, 169, 171, 177, 178, 179, 184, 187, 194, 195, 198, 201, 202, 203, 208, 211, 223, 229, 230, 238, 241, 252, 253, 258, 261, 262, 263, 266, 269, 299, 300, 301, 302, 303, 304, 310, 311, 314, 318, 327, 328, 329, 330, 331], "summary": {"covered_lines": 73, "num_statements": 133, "percent_covered": 54.88721804511278, "percent_covered_display": "55", "missing_lines": 60, "excluded_lines": 0}, "missing_lines": [32, 33, 34, 40, 50, 51, 52, 53, 56, 57, 58, 61, 63, 64, 65, 68, 70, 75, 76, 79, 80, 82, 83, 84, 87, 88, 90, 91, 92, 93, 96, 97, 98, 99, 100, 102, 103, 104, 106, 107, 108, 111, 231, 232, 233, 270, 271, 274, 275, 276, 277, 279, 280, 281, 282, 283, 284, 285, 289, 316], "excluded_lines": [], "functions": {"get_content_manager": {"executed_lines": [], "summary": {"covered_lines": 0, "num_statements": 3, "percent_covered": 0.0, "percent_covered_display": "0", "missing_lines": 3, "excluded_lines": 0}, "missing_lines": [32, 33, 34], "excluded_lines": []}, "set_content_manager": {"executed_lines": [], "summary": {"covered_lines": 0, "num_statements": 1, "percent_covered": 0.0, "percent_covered_display": "0", "missing_lines": 1, "excluded_lines": 0}, "missing_lines": [40], "excluded_lines": []}, "initialize_content_sources": {"executed_lines": [], "summary": {"covered_lines": 0, "num_statements": 38, "percent_covered": 0.0, "percent_covered_display": "0", "missing_lines": 38, "excluded_lines": 0}, "missing_lines": [50, 51, 52, 53, 56, 57, 58, 61, 63, 64, 65, 68, 70, 75, 76, 79, 80, 82, 83, 84, 87, 88, 90, 91, 92, 93, 96, 97, 98, 99, 100, 102, 103, 104, 106, 107, 108, 111], "excluded_lines": []}, "list_content_sources": {"executed_lines": [121, 122, 123, 124, 127, 128, 130, 131, 132, 134, 135, 149, 150, 151, 154, 169, 171, 177, 178, 179], "summary": {"covered_lines": 20, "num_statements": 20, "percent_covered": 100.0, "percent_covered_display": "100", "missing_lines": 0, "excluded_lines": 0}, "missing_lines": [], "excluded_lines": []}, "get_source_status": {"executed_lines": [194, 195, 198, 201, 202, 203, 208, 211, 223, 229, 230], "summary": {"covered_lines": 11, "num_statements": 14, "percent_covered": 78.57142857142857, "percent_covered_display": "79", "missing_lines": 3, "excluded_lines": 0}, "missing_lines": [231, 232, 233], "excluded_lines": []}, "fetch_from_source": {"executed_lines": [252, 253, 258, 261, 262, 263, 266, 269, 299, 300, 301, 302, 303, 304, 310, 311, 314, 318, 327, 328, 329, 330, 331], "summary": {"covered_lines": 23, "num_statements": 38, "percent_covered": 60.526315789473685, "percent_covered_display": "61", "missing_lines": 15, "excluded_lines": 0}, "missing_lines": [270, 271, 274, 275, 276, 277, 279, 280, 281, 282, 283, 284, 285, 289, 316], "excluded_lines": []}, "": {"executed_lines": [1, 5, 6, 8, 10, 15, 18, 20, 23, 26, 27, 30, 37, 43, 114, 115, 184, 187, 238, 241], "summary": {"covered_lines": 19, "num_statements": 19, "percent_covered": 100.0, "percent_covered_display": "100", "missing_lines": 0, "excluded_lines": 0}, "missing_lines": [], "excluded_lines": []}}, "classes": {"": {"executed_lines": [1, 5, 6, 8, 10, 15, 18, 20, 23, 26, 27, 30, 37, 43, 114, 115, 121, 122, 123, 124, 127, 128, 130, 131, 132, 134, 135, 149, 150, 151, 154, 169, 171, 177, 178, 179, 184, 187, 194, 195, 198, 201, 202, 203, 208, 211, 223, 229, 230, 238, 241, 252, 253, 258, 261, 262, 263, 266, 269, 299, 300, 301, 302, 303, 304, 310, 311, 314, 318, 327, 328, 329, 330, 331], "summary": {"covered_lines": 73, "num_statements": 133, "percent_covered": 54.88721804511278, "percent_covered_display": "55", "missing_lines": 60, "excluded_lines": 0}, "missing_lines": [32, 33, 34, 40, 50, 51, 52, 53, 56, 57, 58, 61, 63, 64, 65, 68, 70, 75, 76, 79, 80, 82, 83, 84, 87, 88, 90, 91, 92, 93, 96, 97, 98, 99, 100, 102, 103, 104, 106, 107, 108, 111, 231, 232, 233, 270, 271, 274, 275, 276, 277, 279, 280, 281, 282, 283, 284, 285, 289, 316], "excluded_lines": []}}}, "src/marketing_project/api/core.py": {"executed_lines": [1, 5, 6, 7, 9, 11, 12, 26, 27, 28, 33, 34, 36, 39, 42, 43, 53, 54, 57, 59, 66, 68, 69, 70, 75, 76, 99, 100, 103, 106, 108, 109, 112, 115, 142, 143, 151, 152, 153, 156, 159, 167, 176, 177, 178, 179, 180, 185, 186, 215, 218, 278, 281], "summary": {"covered_lines": 52, "num_statements": 122, "percent_covered": 42.622950819672134, "percent_covered_display": "43", "missing_lines": 70, "excluded_lines": 0}, "missing_lines": [67, 117, 118, 121, 124, 126, 127, 130, 133, 136, 144, 145, 146, 192, 193, 194, 196, 197, 198, 206, 208, 209, 210, 224, 225, 226, 228, 229, 230, 235, 238, 239, 240, 241, 244, 245, 248, 249, 252, 254, 255, 259, 261, 268, 269, 270, 271, 272, 296, 298, 299, 301, 302, 303, 309, 310, 312, 313, 319, 322, 325, 337, 340, 349, 353, 360, 361, 362, 363, 364], "excluded_lines": [], "functions": {"analyze_content": {"executed_lines": [53, 54, 57, 59, 66, 68, 69, 70], "summary": {"covered_lines": 8, "num_statements": 9, "percent_covered": 88.88888888888889, "percent_covered_display": "89", "missing_lines": 1, "excluded_lines": 0}, "missing_lines": [67], "excluded_lines": []}, "run_pipeline": {"executed_lines": [99, 100, 103, 106, 108, 109, 112, 115, 142, 143, 151, 152, 153, 156, 159, 167, 176, 177, 178, 179, 180], "summary": {"covered_lines": 21, "num_statements": 33, "percent_covered": 63.63636363636363, "percent_covered_display": "64", "missing_lines": 12, "excluded_lines": 0}, "missing_lines": [117, 118, 121, 124, 126, 127, 130, 133, 136, 144, 145, 146], "excluded_lines": []}, "list_pipeline_steps": {"executed_lines": [], "summary": {"covered_lines": 0, "num_statements": 10, "percent_covered": 0.0, "percent_covered_display": "0", "missing_lines": 10, "excluded_lines": 0}, "missing_lines": [192, 193, 194, 196, 197, 198, 206, 208, 209, 210], "excluded_lines": []}, "get_step_requirements": {"executed_lines": [], "summary": {"covered_lines": 0, "num_statements": 25, "percent_covered": 0.0, "percent_covered_display": "0", "missing_lines": 25, "excluded_lines": 0}, "missing_lines": [224, 225, 226, 228, 229, 230, 235, 238, 239, 240, 241, 244, 245, 248, 249, 252, 254, 255, 259, 261, 268, 269, 270, 271, 272], "excluded_lines": []}, "execute_pipeline_step": {"executed_lines": [], "summary": {"covered_lines": 0, "num_statements": 22, "percent_covered": 0.0, "percent_covered_display": "0", "missing_lines": 22, "excluded_lines": 0}, "missing_lines": [296, 298, 299, 301, 302, 303, 309, 310, 312, 313, 319, 322, 325, 337, 340, 349, 353, 360, 361, 362, 363, 364], "excluded_lines": []}, "": {"executed_lines": [1, 5, 6, 7, 9, 11, 12, 26, 27, 28, 33, 34, 36, 39, 42, 43, 75, 76, 185, 186, 215, 218, 278, 281], "summary": {"covered_lines": 23, "num_statements": 23, "percent_covered": 100.0, "percent_covered_display": "100", "missing_lines": 0, "excluded_lines": 0}, "missing_lines": [], "excluded_lines": []}}, "classes": {"": {"executed_lines": [1, 5, 6, 7, 9, 11, 12, 26, 27, 28, 33, 34, 36, 39, 42, 43, 53, 54, 57, 59, 66, 68, 69, 70, 75, 76, 99, 100, 103, 106, 108, 109, 112, 115, 142, 143, 151, 152, 153, 156, 159, 167, 176, 177, 178, 179, 180, 185, 186, 215, 218, 278, 281], "summary": {"covered_lines": 52, "num_statements": 122, "percent_covered": 42.622950819672134, "percent_covered_display": "43", "missing_lines": 70, "excluded_lines": 0}, "missing_lines": [67, 117, 118, 121, 124, 126, 127, 130, 133, 136, 144, 145, 146, 192, 193, 194, 196, 197, 198, 206, 208, 209, 210, 224, 225, 226, 228, 229, 230, 235, 238, 239, 240, 241, 244, 245, 248, 249, 252, 254, 255, 259, 261, 268, 269, 270, 271, 272, 296, 298, 299, 301, 302, 303, 309, 310, 312, 313, 319, 322, 325, 337, 340, 349, 353, 360, 361, 362, 363, 364], "excluded_lines": []}}}, "src/marketing_project/api/design_kit.py": {"executed_lines": [1, 7, 8, 10, 12, 13, 14, 16, 18, 21, 22, 102, 103, 134, 135, 168, 169, 208, 209, 274, 275, 293, 294], "summary": {"covered_lines": 22, "num_statements": 113, "percent_covered": 19.469026548672566, "percent_covered_display": "19", "missing_lines": 91, "excluded_lines": 0}, "missing_lines": [39, 40, 43, 44, 47, 50, 58, 66, 71, 72, 73, 78, 85, 87, 88, 92, 93, 94, 95, 96, 97, 113, 114, 115, 117, 118, 123, 124, 125, 126, 127, 128, 145, 146, 147, 149, 150, 155, 156, 157, 158, 159, 162, 183, 184, 185, 186, 188, 189, 191, 192, 197, 198, 199, 200, 201, 202, 203, 225, 226, 228, 231, 234, 242, 250, 255, 256, 259, 264, 265, 266, 267, 268, 282, 283, 284, 285, 286, 287, 288, 304, 305, 306, 308, 309, 314, 315, 316, 317, 318, 319], "excluded_lines": [], "functions": {"get_design_kit_config": {"executed_lines": [], "summary": {"covered_lines": 0, "num_statements": 21, "percent_covered": 0.0, "percent_covered_display": "0", "missing_lines": 21, "excluded_lines": 0}, "missing_lines": [39, 40, 43, 44, 47, 50, 58, 66, 71, 72, 73, 78, 85, 87, 88, 92, 93, 94, 95, 96, 97], "excluded_lines": []}, "get_design_kit_config_by_version": {"executed_lines": [], "summary": {"covered_lines": 0, "num_statements": 11, "percent_covered": 0.0, "percent_covered_display": "0", "missing_lines": 11, "excluded_lines": 0}, "missing_lines": [113, 114, 115, 117, 118, 123, 124, 125, 126, 127, 128], "excluded_lines": []}, "get_design_kit_config_by_content_type": {"executed_lines": [], "summary": {"covered_lines": 0, "num_statements": 11, "percent_covered": 0.0, "percent_covered_display": "0", "missing_lines": 11, "excluded_lines": 0}, "missing_lines": [145, 146, 147, 149, 150, 155, 156, 157, 158, 159, 162], "excluded_lines": []}, "create_or_update_design_kit_config": {"executed_lines": [], "summary": {"covered_lines": 0, "num_statements": 15, "percent_covered": 0.0, "percent_covered_display": "0", "missing_lines": 15, "excluded_lines": 0}, "missing_lines": [183, 184, 185, 186, 188, 189, 191, 192, 197, 198, 199, 200, 201, 202, 203], "excluded_lines": []}, "generate_design_kit_config": {"executed_lines": [], "summary": {"covered_lines": 0, "num_statements": 15, "percent_covered": 0.0, "percent_covered_display": "0", "missing_lines": 15, "excluded_lines": 0}, "missing_lines": [225, 226, 228, 231, 234, 242, 250, 255, 256, 259, 264, 265, 266, 267, 268], "excluded_lines": []}, "list_design_kit_versions": {"executed_lines": [], "summary": {"covered_lines": 0, "num_statements": 7, "percent_covered": 0.0, "percent_covered_display": "0", "missing_lines": 7, "excluded_lines": 0}, "missing_lines": [282, 283, 284, 285, 286, 287, 288], "excluded_lines": []}, "activate_design_kit_version": {"executed_lines": [], "summary": {"covered_lines": 0, "num_statements": 11, "percent_covered": 0.0, "percent_covered_display": "0", "missing_lines": 11, "excluded_lines": 0}, "missing_lines": [304, 305, 306, 308, 309, 314, 315, 316, 317, 318, 319], "excluded_lines": []}, "": {"executed_lines": [1, 7, 8, 10, 12, 13, 14, 16, 18, 21, 22, 102, 103, 134, 135, 168, 169, 208, 209, 274, 275, 293, 294], "summary": {"covered_lines": 22, "num_statements": 22, "percent_covered": 100.0, "percent_covered_display": "100", "missing_lines": 0, "excluded_lines": 0}, "missing_lines": [], "excluded_lines": []}}, "classes": {"": {"executed_lines": [1, 7, 8, 10, 12, 13, 14, 16, 18, 21, 22, 102, 103, 134, 135, 168, 169, 208, 209, 274, 275, 293, 294], "summary": {"covered_lines": 22, "num_statements": 113, "percent_covered": 19.469026548672566, "percent_covered_display": "19", "missing_lines": 91, "excluded_lines": 0}, "missing_lines": [39, 40, 43, 44, 47, 50, 58, 66, 71, 72, 73, 78, 85, 87, 88, 92, 93, 94, 95, 96, 97, 113, 114, 115, 117, 118, 123, 124, 125, 126, 127, 128, 145, 146, 147, 149, 150, 155, 156, 157, 158, 159, 162, 183, 184, 185, 186, 188, 189, 191, 192, 197, 198, 199, 200, 201, 202, 203, 225, 226, 228, 231, 234, 242, 250, 255, 256, 259, 264, 265, 266, 267, 268, 282, 283, 284, 285, 286, 287, 288, 304, 305, 306, 308, 309, 314, 315, 316, 317, 318, 319], "excluded_lines": []}}}, "src/marketing_project/api/health.py": {"executed_lines": [1, 5, 6, 8, 9, 11, 12, 14, 17, 20, 21, 28, 30, 31, 33, 50, 51, 52, 54, 55, 56, 57, 62, 63, 70, 72, 73, 74, 78, 92, 93, 94, 96, 97, 98, 99], "summary": {"covered_lines": 35, "num_statements": 35, "percent_covered": 100.0, "percent_covered_display": "100", "missing_lines": 0, "excluded_lines": 0}, "missing_lines": [], "excluded_lines": [], "functions": {"health_check": {"executed_lines": [28, 30, 31, 33, 50, 51, 52, 54, 55, 56, 57], "summary": {"covered_lines": 11, "num_statements": 11, "percent_covered": 100.0, "percent_covered_display": "100", "missing_lines": 0, "excluded_lines": 0}, "missing_lines": [], "excluded_lines": []}, "readiness_check": {"executed_lines": [70, 72, 73, 74, 78, 92, 93, 94, 96, 97, 98, 99], "summary": {"covered_lines": 12, "num_statements": 12, "percent_covered": 100.0, "percent_covered_display": "100", "missing_lines": 0, "excluded_lines": 0}, "missing_lines": [], "excluded_lines": []}, "": {"executed_lines": [1, 5, 6, 8, 9, 11, 12, 14, 17, 20, 21, 62, 63], "summary": {"covered_lines": 12, "num_statements": 12, "percent_covered": 100.0, "percent_covered_display": "100", "missing_lines": 0, "excluded_lines": 0}, "missing_lines": [], "excluded_lines": []}}, "classes": {"": {"executed_lines": [1, 5, 6, 8, 9, 11, 12, 14, 17, 20, 21, 28, 30, 31, 33, 50, 51, 52, 54, 55, 56, 57, 62, 63, 70, 72, 73, 74, 78, 92, 93, 94, 96, 97, 98, 99], "summary": {"covered_lines": 35, "num_statements": 35, "percent_covered": 100.0, "percent_covered_display": "100", "missing_lines": 0, "excluded_lines": 0}, "missing_lines": [], "excluded_lines": []}}}, "src/marketing_project/api/internal_docs.py": {"executed_lines": [1, 7, 8, 9, 10, 12, 21, 23, 24, 25, 26, 27, 29, 31, 35, 36, 38, 39, 40, 41, 44, 49, 50, 52, 53, 58, 59, 61, 66, 67, 69, 72, 73, 75, 76, 81, 82, 106, 107, 138, 139, 185, 186, 204, 205, 236, 237, 292, 293, 342, 343, 380, 381, 425, 426, 458, 459, 484, 485, 510, 511, 541, 542, 566, 567, 588, 589, 607, 608, 629, 630, 674, 675, 715, 716, 738, 739, 787, 788, 833, 834, 860, 861, 887, 888], "summary": {"covered_lines": 79, "num_statements": 425, "percent_covered": 18.58823529411765, "percent_covered_display": "19", "missing_lines": 346, "excluded_lines": 0}, "missing_lines": [89, 90, 91, 94, 95, 97, 98, 99, 100, 117, 118, 119, 121, 122, 127, 128, 129, 130, 131, 132, 154, 155, 157, 159, 161, 163, 164, 169, 170, 171, 174, 175, 176, 177, 178, 179, 193, 194, 195, 196, 197, 198, 199, 215, 216, 217, 219, 220, 225, 226, 227, 228, 229, 230, 247, 248, 250, 251, 254, 268, 279, 285, 286, 287, 303, 304, 306, 307, 310, 321, 329, 335, 336, 337, 353, 354, 355, 357, 358, 364, 367, 368, 370, 371, 372, 373, 374, 375, 395, 396, 397, 399, 401, 403, 404, 406, 408, 409, 414, 415, 417, 418, 419, 420, 421, 422, 436, 437, 438, 440, 441, 445, 446, 448, 449, 450, 451, 452, 453, 469, 470, 471, 472, 475, 476, 477, 478, 479, 495, 496, 497, 498, 499, 500, 501, 502, 503, 504, 505, 522, 523, 524, 525, 529, 530, 531, 532, 533, 534, 535, 536, 555, 556, 557, 558, 559, 560, 561, 577, 578, 579, 580, 581, 582, 583, 596, 597, 598, 599, 600, 601, 602, 618, 619, 620, 621, 622, 623, 624, 637, 638, 639, 642, 643, 644, 647, 648, 649, 650, 651, 652, 655, 657, 667, 668, 669, 685, 686, 688, 690, 691, 696, 697, 699, 700, 705, 706, 707, 708, 709, 710, 727, 728, 729, 730, 731, 732, 733, 749, 750, 751, 753, 754, 757, 758, 759, 760, 761, 762, 765, 767, 768, 770, 771, 772, 773, 774, 775, 777, 778, 779, 780, 781, 782, 798, 799, 801, 802, 805, 813, 820, 826, 827, 828, 844, 845, 846, 848, 853, 854, 855, 871, 872, 873, 875, 880, 881, 882, 901, 902, 903, 905, 910, 911, 912, 913, 915, 916, 918, 919, 920, 921, 922, 924, 925, 927, 928, 930, 938, 939, 942, 944, 947, 949, 950, 952, 955, 958, 960, 961, 962, 963, 964, 965, 967, 968, 969, 970, 972, 973, 975, 984, 993, 1003, 1017, 1025, 1026, 1029, 1031, 1034, 1036, 1037, 1039, 1042, 1045, 1047, 1048, 1049, 1050, 1053, 1054, 1056, 1059, 1060, 1062, 1063, 1064, 1065, 1066, 1067, 1069, 1075, 1076, 1077, 1078, 1079], "excluded_lines": [], "functions": {"get_internal_docs_config": {"executed_lines": [], "summary": {"covered_lines": 0, "num_statements": 9, "percent_covered": 0.0, "percent_covered_display": "0", "missing_lines": 9, "excluded_lines": 0}, "missing_lines": [89, 90, 91, 94, 95, 97, 98, 99, 100], "excluded_lines": []}, "get_internal_docs_config_by_version": {"executed_lines": [], "summary": {"covered_lines": 0, "num_statements": 11, "percent_covered": 0.0, "percent_covered_display": "0", "missing_lines": 11, "excluded_lines": 0}, "missing_lines": [117, 118, 119, 121, 122, 127, 128, 129, 130, 131, 132], "excluded_lines": []}, "create_or_update_internal_docs_config": {"executed_lines": [], "summary": {"covered_lines": 0, "num_statements": 16, "percent_covered": 0.0, "percent_covered_display": "0", "missing_lines": 16, "excluded_lines": 0}, "missing_lines": [154, 155, 157, 159, 161, 163, 164, 169, 170, 171, 174, 175, 176, 177, 178, 179], "excluded_lines": []}, "list_internal_docs_versions": {"executed_lines": [], "summary": {"covered_lines": 0, "num_statements": 7, "percent_covered": 0.0, "percent_covered_display": "0", "missing_lines": 7, "excluded_lines": 0}, "missing_lines": [193, 194, 195, 196, 197, 198, 199], "excluded_lines": []}, "activate_internal_docs_version": {"executed_lines": [], "summary": {"covered_lines": 0, "num_statements": 11, "percent_covered": 0.0, "percent_covered_display": "0", "missing_lines": 11, "excluded_lines": 0}, "missing_lines": [215, 216, 217, 219, 220, 225, 226, 227, 228, 229, 230], "excluded_lines": []}, "scan_from_url": {"executed_lines": [], "summary": {"covered_lines": 0, "num_statements": 10, "percent_covered": 0.0, "percent_covered_display": "0", "missing_lines": 10, "excluded_lines": 0}, "missing_lines": [247, 248, 250, 251, 254, 268, 279, 285, 286, 287], "excluded_lines": []}, "scan_from_list": {"executed_lines": [], "summary": {"covered_lines": 0, "num_statements": 10, "percent_covered": 0.0, "percent_covered_display": "0", "missing_lines": 10, "excluded_lines": 0}, "missing_lines": [303, 304, 306, 307, 310, 321, 329, 335, 336, 337], "excluded_lines": []}, "merge_scan_results": {"executed_lines": [], "summary": {"covered_lines": 0, "num_statements": 14, "percent_covered": 0.0, "percent_covered_display": "0", "missing_lines": 14, "excluded_lines": 0}, "missing_lines": [353, 354, 355, 357, 358, 364, 367, 368, 370, 371, 372, 373, 374, 375], "excluded_lines": []}, "add_document": {"executed_lines": [], "summary": {"covered_lines": 0, "num_statements": 18, "percent_covered": 0.0, "percent_covered_display": "0", "missing_lines": 18, "excluded_lines": 0}, "missing_lines": [395, 396, 397, 399, 401, 403, 404, 406, 408, 409, 414, 415, 417, 418, 419, 420, 421, 422], "excluded_lines": []}, "remove_document": {"executed_lines": [], "summary": {"covered_lines": 0, "num_statements": 13, "percent_covered": 0.0, "percent_covered_display": "0", "missing_lines": 13, "excluded_lines": 0}, "missing_lines": [436, 437, 438, 440, 441, 445, 446, 448, 449, 450, 451, 452, 453], "excluded_lines": []}, "list_scanned_documents": {"executed_lines": [], "summary": {"covered_lines": 0, "num_statements": 9, "percent_covered": 0.0, "percent_covered_display": "0", "missing_lines": 9, "excluded_lines": 0}, "missing_lines": [469, 470, 471, 472, 475, 476, 477, 478, 479], "excluded_lines": []}, "get_scanned_document": {"executed_lines": [], "summary": {"covered_lines": 0, "num_statements": 11, "percent_covered": 0.0, "percent_covered_display": "0", "missing_lines": 11, "excluded_lines": 0}, "missing_lines": [495, 496, 497, 498, 499, 500, 501, 502, 503, 504, 505], "excluded_lines": []}, "search_documents_by_keywords": {"executed_lines": [], "summary": {"covered_lines": 0, "num_statements": 12, "percent_covered": 0.0, "percent_covered_display": "0", "missing_lines": 12, "excluded_lines": 0}, "missing_lines": [522, 523, 524, 525, 529, 530, 531, 532, 533, 534, 535, 536], "excluded_lines": []}, "search_documents_with_filters": {"executed_lines": [], "summary": {"covered_lines": 0, "num_statements": 7, "percent_covered": 0.0, "percent_covered_display": "0", "missing_lines": 7, "excluded_lines": 0}, "missing_lines": [555, 556, 557, 558, 559, 560, 561], "excluded_lines": []}, "get_documents_by_category": {"executed_lines": [], "summary": {"covered_lines": 0, "num_statements": 7, "percent_covered": 0.0, "percent_covered_display": "0", "missing_lines": 7, "excluded_lines": 0}, "missing_lines": [577, 578, 579, 580, 581, 582, 583], "excluded_lines": []}, "get_anchor_text_patterns": {"executed_lines": [], "summary": {"covered_lines": 0, "num_statements": 7, "percent_covered": 0.0, "percent_covered_display": "0", "missing_lines": 7, "excluded_lines": 0}, "missing_lines": [596, 597, 598, 599, 600, 601, 602], "excluded_lines": []}, "get_commonly_referenced_pages": {"executed_lines": [], "summary": {"covered_lines": 0, "num_statements": 7, "percent_covered": 0.0, "percent_covered_display": "0", "missing_lines": 7, "excluded_lines": 0}, "missing_lines": [618, 619, 620, 621, 622, 623, 624], "excluded_lines": []}, "get_database_stats": {"executed_lines": [], "summary": {"covered_lines": 0, "num_statements": 17, "percent_covered": 0.0, "percent_covered_display": "0", "missing_lines": 17, "excluded_lines": 0}, "missing_lines": [637, 638, 639, 642, 643, 644, 647, 648, 649, 650, 651, 652, 655, 657, 667, 668, 669], "excluded_lines": []}, "rescan_document": {"executed_lines": [], "summary": {"covered_lines": 0, "num_statements": 15, "percent_covered": 0.0, "percent_covered_display": "0", "missing_lines": 15, "excluded_lines": 0}, "missing_lines": [685, 686, 688, 690, 691, 696, 697, 699, 700, 705, 706, 707, 708, 709, 710], "excluded_lines": []}, "full_text_search_documents": {"executed_lines": [], "summary": {"covered_lines": 0, "num_statements": 7, "percent_covered": 0.0, "percent_covered_display": "0", "missing_lines": 7, "excluded_lines": 0}, "missing_lines": [727, 728, 729, 730, 731, 732, 733], "excluded_lines": []}, "get_related_documents": {"executed_lines": [], "summary": {"covered_lines": 0, "num_statements": 26, "percent_covered": 0.0, "percent_covered_display": "0", "missing_lines": 26, "excluded_lines": 0}, "missing_lines": [749, 750, 751, 753, 754, 757, 758, 759, 760, 761, 762, 765, 767, 768, 770, 771, 772, 773, 774, 775, 777, 778, 779, 780, 781, 782], "excluded_lines": []}, "bulk_rescan_documents": {"executed_lines": [], "summary": {"covered_lines": 0, "num_statements": 10, "percent_covered": 0.0, "percent_covered_display": "0", "missing_lines": 10, "excluded_lines": 0}, "missing_lines": [798, 799, 801, 802, 805, 813, 820, 826, 827, 828], "excluded_lines": []}, "bulk_delete_documents": {"executed_lines": [], "summary": {"covered_lines": 0, "num_statements": 7, "percent_covered": 0.0, "percent_covered_display": "0", "missing_lines": 7, "excluded_lines": 0}, "missing_lines": [844, 845, 846, 848, 853, 854, 855], "excluded_lines": []}, "bulk_update_categories": {"executed_lines": [], "summary": {"covered_lines": 0, "num_statements": 7, "percent_covered": 0.0, "percent_covered_display": "0", "missing_lines": 7, "excluded_lines": 0}, "missing_lines": [871, 872, 873, 875, 880, 881, 882], "excluded_lines": []}, "bulk_upload_documents": {"executed_lines": [], "summary": {"covered_lines": 0, "num_statements": 78, "percent_covered": 0.0, "percent_covered_display": "0", "missing_lines": 78, "excluded_lines": 0}, "missing_lines": [901, 902, 903, 905, 910, 911, 912, 913, 915, 916, 918, 919, 920, 921, 922, 924, 925, 927, 928, 930, 938, 939, 942, 944, 947, 949, 950, 952, 955, 958, 960, 961, 962, 963, 964, 965, 967, 968, 969, 970, 972, 973, 975, 984, 993, 1003, 1017, 1025, 1026, 1029, 1031, 1034, 1036, 1037, 1039, 1042, 1045, 1047, 1048, 1049, 1050, 1053, 1054, 1056, 1059, 1060, 1062, 1063, 1064, 1065, 1066, 1067, 1069, 1075, 1076, 1077, 1078, 1079], "excluded_lines": []}, "": {"executed_lines": [1, 7, 8, 9, 10, 12, 21, 23, 24, 25, 26, 27, 29, 31, 35, 36, 38, 39, 40, 41, 44, 49, 50, 52, 53, 58, 59, 61, 66, 67, 69, 72, 73, 75, 76, 81, 82, 106, 107, 138, 139, 185, 186, 204, 205, 236, 237, 292, 293, 342, 343, 380, 381, 425, 426, 458, 459, 484, 485, 510, 511, 541, 542, 566, 567, 588, 589, 607, 608, 629, 630, 674, 675, 715, 716, 738, 739, 787, 788, 833, 834, 860, 861, 887, 888], "summary": {"covered_lines": 79, "num_statements": 79, "percent_covered": 100.0, "percent_covered_display": "100", "missing_lines": 0, "excluded_lines": 0}, "missing_lines": [], "excluded_lines": []}}, "classes": {"ScanFromUrlRequest": {"executed_lines": [], "summary": {"covered_lines": 0, "num_statements": 0, "percent_covered": 100.0, "percent_covered_display": "100", "missing_lines": 0, "excluded_lines": 0}, "missing_lines": [], "excluded_lines": []}, "ScanFromListRequest": {"executed_lines": [], "summary": {"covered_lines": 0, "num_statements": 0, "percent_covered": 100.0, "percent_covered_display": "100", "missing_lines": 0, "excluded_lines": 0}, "missing_lines": [], "excluded_lines": []}, "MergeScanResultsRequest": {"executed_lines": [], "summary": {"covered_lines": 0, "num_statements": 0, "percent_covered": 100.0, "percent_covered_display": "100", "missing_lines": 0, "excluded_lines": 0}, "missing_lines": [], "excluded_lines": []}, "BulkOperationRequest": {"executed_lines": [], "summary": {"covered_lines": 0, "num_statements": 0, "percent_covered": 100.0, "percent_covered_display": "100", "missing_lines": 0, "excluded_lines": 0}, "missing_lines": [], "excluded_lines": []}, "BulkCategoryUpdateRequest": {"executed_lines": [], "summary": {"covered_lines": 0, "num_statements": 0, "percent_covered": 100.0, "percent_covered_display": "100", "missing_lines": 0, "excluded_lines": 0}, "missing_lines": [], "excluded_lines": []}, "": {"executed_lines": [1, 7, 8, 9, 10, 12, 21, 23, 24, 25, 26, 27, 29, 31, 35, 36, 38, 39, 40, 41, 44, 49, 50, 52, 53, 58, 59, 61, 66, 67, 69, 72, 73, 75, 76, 81, 82, 106, 107, 138, 139, 185, 186, 204, 205, 236, 237, 292, 293, 342, 343, 380, 381, 425, 426, 458, 459, 484, 485, 510, 511, 541, 542, 566, 567, 588, 589, 607, 608, 629, 630, 674, 675, 715, 716, 738, 739, 787, 788, 833, 834, 860, 861, 887, 888], "summary": {"covered_lines": 79, "num_statements": 425, "percent_covered": 18.58823529411765, "percent_covered_display": "19", "missing_lines": 346, "excluded_lines": 0}, "missing_lines": [89, 90, 91, 94, 95, 97, 98, 99, 100, 117, 118, 119, 121, 122, 127, 128, 129, 130, 131, 132, 154, 155, 157, 159, 161, 163, 164, 169, 170, 171, 174, 175, 176, 177, 178, 179, 193, 194, 195, 196, 197, 198, 199, 215, 216, 217, 219, 220, 225, 226, 227, 228, 229, 230, 247, 248, 250, 251, 254, 268, 279, 285, 286, 287, 303, 304, 306, 307, 310, 321, 329, 335, 336, 337, 353, 354, 355, 357, 358, 364, 367, 368, 370, 371, 372, 373, 374, 375, 395, 396, 397, 399, 401, 403, 404, 406, 408, 409, 414, 415, 417, 418, 419, 420, 421, 422, 436, 437, 438, 440, 441, 445, 446, 448, 449, 450, 451, 452, 453, 469, 470, 471, 472, 475, 476, 477, 478, 479, 495, 496, 497, 498, 499, 500, 501, 502, 503, 504, 505, 522, 523, 524, 525, 529, 530, 531, 532, 533, 534, 535, 536, 555, 556, 557, 558, 559, 560, 561, 577, 578, 579, 580, 581, 582, 583, 596, 597, 598, 599, 600, 601, 602, 618, 619, 620, 621, 622, 623, 624, 637, 638, 639, 642, 643, 644, 647, 648, 649, 650, 651, 652, 655, 657, 667, 668, 669, 685, 686, 688, 690, 691, 696, 697, 699, 700, 705, 706, 707, 708, 709, 710, 727, 728, 729, 730, 731, 732, 733, 749, 750, 751, 753, 754, 757, 758, 759, 760, 761, 762, 765, 767, 768, 770, 771, 772, 773, 774, 775, 777, 778, 779, 780, 781, 782, 798, 799, 801, 802, 805, 813, 820, 826, 827, 828, 844, 845, 846, 848, 853, 854, 855, 871, 872, 873, 875, 880, 881, 882, 901, 902, 903, 905, 910, 911, 912, 913, 915, 916, 918, 919, 920, 921, 922, 924, 925, 927, 928, 930, 938, 939, 942, 944, 947, 949, 950, 952, 955, 958, 960, 961, 962, 963, 964, 965, 967, 968, 969, 970, 972, 973, 975, 984, 993, 1003, 1017, 1025, 1026, 1029, 1031, 1034, 1036, 1037, 1039, 1042, 1045, 1047, 1048, 1049, 1050, 1053, 1054, 1056, 1059, 1060, 1062, 1063, 1064, 1065, 1066, 1067, 1069, 1075, 1076, 1077, 1078, 1079], "excluded_lines": []}}}, "src/marketing_project/api/jobs.py": {"executed_lines": [1, 7, 8, 9, 11, 12, 14, 15, 16, 18, 20, 23, 24, 26, 27, 28, 31, 32, 34, 35, 36, 37, 40, 41, 43, 44, 45, 46, 47, 48, 49, 50, 53, 54, 70, 71, 72, 75, 88, 92, 93, 94, 97, 98, 105, 106, 107, 109, 110, 113, 114, 117, 129, 141, 142, 154, 157, 159, 160, 166, 167, 179, 180, 181, 183, 184, 189, 190, 191, 216, 226, 227, 233, 234, 241, 242, 243, 245, 246, 248, 258, 259, 265, 266, 272, 273, 274, 276, 279, 284, 289, 290, 294, 300, 301, 303, 306, 311, 323, 324, 330, 331, 343, 344, 345, 347, 360, 361, 376, 377, 378, 380, 393, 394, 402, 403, 404, 406, 409, 411, 414, 456, 458, 460, 461, 467, 486, 488, 489, 495, 496], "summary": {"covered_lines": 127, "num_statements": 231, "percent_covered": 54.97835497835498, "percent_covered_display": "55", "missing_lines": 104, "excluded_lines": 0}, "missing_lines": [76, 77, 79, 80, 81, 83, 84, 85, 86, 118, 119, 120, 121, 122, 130, 131, 132, 133, 134, 143, 144, 145, 146, 147, 148, 155, 161, 162, 163, 228, 229, 230, 260, 261, 262, 277, 295, 304, 309, 325, 326, 327, 353, 354, 355, 386, 387, 388, 417, 419, 428, 429, 430, 438, 439, 444, 445, 446, 448, 451, 468, 471, 472, 473, 481, 482, 490, 491, 492, 509, 510, 511, 514, 515, 516, 518, 519, 525, 526, 527, 533, 534, 535, 536, 537, 538, 539, 542, 543, 544, 545, 548, 549, 550, 552, 573, 576, 584, 589, 598, 599, 600, 601, 602], "excluded_lines": [], "functions": {"list_jobs": {"executed_lines": [70, 71, 72, 75, 88, 92, 93, 94], "summary": {"covered_lines": 8, "num_statements": 17, "percent_covered": 47.05882352941177, "percent_covered_display": "47", "missing_lines": 9, "excluded_lines": 0}, "missing_lines": [76, 77, 79, 80, 81, 83, 84, 85, 86], "excluded_lines": []}, "get_job": {"executed_lines": [105, 106, 107, 109, 110, 113, 114, 117, 129, 141, 142, 154, 157, 159, 160], "summary": {"covered_lines": 15, "num_statements": 35, "percent_covered": 42.857142857142854, "percent_covered_display": "43", "missing_lines": 20, "excluded_lines": 0}, "missing_lines": [118, 119, 120, 121, 122, 130, 131, 132, 133, 134, 143, 144, 145, 146, 147, 148, 155, 161, 162, 163], "excluded_lines": []}, "get_job_chain": {"executed_lines": [179, 180, 181, 183, 184, 189, 190, 191, 216, 226, 227], "summary": {"covered_lines": 11, "num_statements": 14, "percent_covered": 78.57142857142857, "percent_covered_display": "79", "missing_lines": 3, "excluded_lines": 0}, "missing_lines": [228, 229, 230], "excluded_lines": []}, "get_job_status": {"executed_lines": [241, 242, 243, 245, 246, 248, 258, 259], "summary": {"covered_lines": 8, "num_statements": 11, "percent_covered": 72.72727272727273, "percent_covered_display": "73", "missing_lines": 3, "excluded_lines": 0}, "missing_lines": [260, 261, 262], "excluded_lines": []}, "get_job_result": {"executed_lines": [272, 273, 274, 276, 279, 284, 289, 290, 294, 300, 301, 303, 306, 311, 323, 324], "summary": {"covered_lines": 16, "num_statements": 23, "percent_covered": 69.56521739130434, "percent_covered_display": "70", "missing_lines": 7, "excluded_lines": 0}, "missing_lines": [277, 295, 304, 309, 325, 326, 327], "excluded_lines": []}, "delete_all_jobs": {"executed_lines": [343, 344, 345, 347], "summary": {"covered_lines": 4, "num_statements": 7, "percent_covered": 57.142857142857146, "percent_covered_display": "57", "missing_lines": 3, "excluded_lines": 0}, "missing_lines": [353, 354, 355], "excluded_lines": []}, "clear_all_arq_jobs": {"executed_lines": [376, 377, 378, 380], "summary": {"covered_lines": 4, "num_statements": 7, "percent_covered": 57.142857142857146, "percent_covered_display": "57", "missing_lines": 3, "excluded_lines": 0}, "missing_lines": [386, 387, 388], "excluded_lines": []}, "cancel_job": {"executed_lines": [402, 403, 404, 406, 409, 411, 414, 456, 458, 460, 461, 467, 486, 488, 489], "summary": {"covered_lines": 15, "num_statements": 36, "percent_covered": 41.666666666666664, "percent_covered_display": "42", "missing_lines": 21, "excluded_lines": 0}, "missing_lines": [417, 419, 428, 429, 430, 438, 439, 444, 445, 446, 448, 451, 468, 471, 472, 473, 481, 482, 490, 491, 492], "excluded_lines": []}, "resume_job": {"executed_lines": [], "summary": {"covered_lines": 0, "num_statements": 35, "percent_covered": 0.0, "percent_covered_display": "0", "missing_lines": 35, "excluded_lines": 0}, "missing_lines": [509, 510, 511, 514, 515, 516, 518, 519, 525, 526, 527, 533, 534, 535, 536, 537, 538, 539, 542, 543, 544, 545, 548, 549, 550, 552, 573, 576, 584, 589, 598, 599, 600, 601, 602], "excluded_lines": []}, "": {"executed_lines": [1, 7, 8, 9, 11, 12, 14, 15, 16, 18, 20, 23, 24, 26, 27, 28, 31, 32, 34, 35, 36, 37, 40, 41, 43, 44, 45, 46, 47, 48, 49, 50, 53, 54, 97, 98, 166, 167, 233, 234, 265, 266, 330, 331, 360, 361, 393, 394, 495, 496], "summary": {"covered_lines": 46, "num_statements": 46, "percent_covered": 100.0, "percent_covered_display": "100", "missing_lines": 0, "excluded_lines": 0}, "missing_lines": [], "excluded_lines": []}}, "classes": {"JobResponse": {"executed_lines": [], "summary": {"covered_lines": 0, "num_statements": 0, "percent_covered": 100.0, "percent_covered_display": "100", "missing_lines": 0, "excluded_lines": 0}, "missing_lines": [], "excluded_lines": []}, "JobListResponse": {"executed_lines": [], "summary": {"covered_lines": 0, "num_statements": 0, "percent_covered": 100.0, "percent_covered_display": "100", "missing_lines": 0, "excluded_lines": 0}, "missing_lines": [], "excluded_lines": []}, "JobStatusResponse": {"executed_lines": [], "summary": {"covered_lines": 0, "num_statements": 0, "percent_covered": 100.0, "percent_covered_display": "100", "missing_lines": 0, "excluded_lines": 0}, "missing_lines": [], "excluded_lines": []}, "": {"executed_lines": [1, 7, 8, 9, 11, 12, 14, 15, 16, 18, 20, 23, 24, 26, 27, 28, 31, 32, 34, 35, 36, 37, 40, 41, 43, 44, 45, 46, 47, 48, 49, 50, 53, 54, 70, 71, 72, 75, 88, 92, 93, 94, 97, 98, 105, 106, 107, 109, 110, 113, 114, 117, 129, 141, 142, 154, 157, 159, 160, 166, 167, 179, 180, 181, 183, 184, 189, 190, 191, 216, 226, 227, 233, 234, 241, 242, 243, 245, 246, 248, 258, 259, 265, 266, 272, 273, 274, 276, 279, 284, 289, 290, 294, 300, 301, 303, 306, 311, 323, 324, 330, 331, 343, 344, 345, 347, 360, 361, 376, 377, 378, 380, 393, 394, 402, 403, 404, 406, 409, 411, 414, 456, 458, 460, 461, 467, 486, 488, 489, 495, 496], "summary": {"covered_lines": 127, "num_statements": 231, "percent_covered": 54.97835497835498, "percent_covered_display": "55", "missing_lines": 104, "excluded_lines": 0}, "missing_lines": [76, 77, 79, 80, 81, 83, 84, 85, 86, 118, 119, 120, 121, 122, 130, 131, 132, 133, 134, 143, 144, 145, 146, 147, 148, 155, 161, 162, 163, 228, 229, 230, 260, 261, 262, 277, 295, 304, 309, 325, 326, 327, 353, 354, 355, 386, 387, 388, 417, 419, 428, 429, 430, 438, 439, 444, 445, 446, 448, 451, 468, 471, 472, 473, 481, 482, 490, 491, 492, 509, 510, 511, 514, 515, 516, 518, 519, 525, 526, 527, 533, 534, 535, 536, 537, 538, 539, 542, 543, 544, 545, 548, 549, 550, 552, 573, 576, 584, 589, 598, 599, 600, 601, 602], "excluded_lines": []}}}, "src/marketing_project/api/processors.py": {"executed_lines": [1, 18, 19, 20, 22, 23, 25, 30, 31, 33, 36, 39, 40, 42, 43, 44, 45, 46, 49, 63, 64, 79, 80, 83, 86, 87, 97, 100, 108, 112, 119, 121, 122, 125, 128, 142, 143, 150, 151, 156, 159, 160, 170, 173, 181, 185, 201, 215, 216, 223, 224, 229, 232, 233, 243, 246, 254, 258], "summary": {"covered_lines": 56, "num_statements": 91, "percent_covered": 61.53846153846154, "percent_covered_display": "62", "missing_lines": 35, "excluded_lines": 0}, "missing_lines": [51, 52, 53, 55, 56, 58, 59, 60, 120, 130, 131, 132, 134, 135, 137, 138, 139, 192, 193, 194, 195, 198, 203, 204, 205, 207, 208, 210, 211, 212, 265, 266, 267, 268, 271], "excluded_lines": [], "functions": {"_process_blog_post_job": {"executed_lines": [], "summary": {"covered_lines": 0, "num_statements": 8, "percent_covered": 0.0, "percent_covered_display": "0", "missing_lines": 8, "excluded_lines": 0}, "missing_lines": [51, 52, 53, 55, 56, 58, 59, 60], "excluded_lines": []}, "process_blog_endpoint": {"executed_lines": [79, 80, 83, 86, 87, 97, 100, 108, 112, 119, 121, 122, 125], "summary": {"covered_lines": 13, "num_statements": 14, "percent_covered": 92.85714285714286, "percent_covered_display": "93", "missing_lines": 1, "excluded_lines": 0}, "missing_lines": [120], "excluded_lines": []}, "_process_release_notes_job": {"executed_lines": [], "summary": {"covered_lines": 0, "num_statements": 8, "percent_covered": 0.0, "percent_covered_display": "0", "missing_lines": 8, "excluded_lines": 0}, "missing_lines": [130, 131, 132, 134, 135, 137, 138, 139], "excluded_lines": []}, "process_release_notes_endpoint": {"executed_lines": [150, 151, 156, 159, 160, 170, 173, 181, 185], "summary": {"covered_lines": 9, "num_statements": 14, "percent_covered": 64.28571428571429, "percent_covered_display": "64", "missing_lines": 5, "excluded_lines": 0}, "missing_lines": [192, 193, 194, 195, 198], "excluded_lines": []}, "_process_transcript_job": {"executed_lines": [], "summary": {"covered_lines": 0, "num_statements": 8, "percent_covered": 0.0, "percent_covered_display": "0", "missing_lines": 8, "excluded_lines": 0}, "missing_lines": [203, 204, 205, 207, 208, 210, 211, 212], "excluded_lines": []}, "process_transcript_endpoint": {"executed_lines": [223, 224, 229, 232, 233, 243, 246, 254, 258], "summary": {"covered_lines": 9, "num_statements": 14, "percent_covered": 64.28571428571429, "percent_covered_display": "64", "missing_lines": 5, "excluded_lines": 0}, "missing_lines": [265, 266, 267, 268, 271], "excluded_lines": []}, "": {"executed_lines": [1, 18, 19, 20, 22, 23, 25, 30, 31, 33, 36, 39, 40, 42, 43, 44, 45, 46, 49, 63, 64, 128, 142, 143, 201, 215, 216], "summary": {"covered_lines": 25, "num_statements": 25, "percent_covered": 100.0, "percent_covered_display": "100", "missing_lines": 0, "excluded_lines": 0}, "missing_lines": [], "excluded_lines": []}}, "classes": {"JobSubmissionResponse": {"executed_lines": [], "summary": {"covered_lines": 0, "num_statements": 0, "percent_covered": 100.0, "percent_covered_display": "100", "missing_lines": 0, "excluded_lines": 0}, "missing_lines": [], "excluded_lines": []}, "": {"executed_lines": [1, 18, 19, 20, 22, 23, 25, 30, 31, 33, 36, 39, 40, 42, 43, 44, 45, 46, 49, 63, 64, 79, 80, 83, 86, 87, 97, 100, 108, 112, 119, 121, 122, 125, 128, 142, 143, 150, 151, 156, 159, 160, 170, 173, 181, 185, 201, 215, 216, 223, 224, 229, 232, 233, 243, 246, 254, 258], "summary": {"covered_lines": 56, "num_statements": 91, "percent_covered": 61.53846153846154, "percent_covered_display": "62", "missing_lines": 35, "excluded_lines": 0}, "missing_lines": [51, 52, 53, 55, 56, 58, 59, 60, 120, 130, 131, 132, 134, 135, 137, 138, 139, 192, 193, 194, 195, 198, 203, 204, 205, 207, 208, 210, 211, 212, 265, 266, 267, 268, 271], "excluded_lines": []}}}, "src/marketing_project/api/routes.py": {"executed_lines": [1, 7, 10, 11, 12, 13, 14, 15, 16, 17, 18, 19, 20, 21, 24, 32, 39, 47, 57, 67, 77, 85, 92, 96, 102, 112, 122, 136, 140, 146], "summary": {"covered_lines": 29, "num_statements": 29, "percent_covered": 100.0, "percent_covered_display": "100", "missing_lines": 0, "excluded_lines": 0}, "missing_lines": [], "excluded_lines": [], "functions": {"register_routes": {"executed_lines": [32, 39, 47, 57, 67, 77, 85, 92, 96, 102, 112, 122, 136, 140], "summary": {"covered_lines": 14, "num_statements": 14, "percent_covered": 100.0, "percent_covered_display": "100", "missing_lines": 0, "excluded_lines": 0}, "missing_lines": [], "excluded_lines": []}, "": {"executed_lines": [1, 7, 10, 11, 12, 13, 14, 15, 16, 17, 18, 19, 20, 21, 24, 146], "summary": {"covered_lines": 15, "num_statements": 15, "percent_covered": 100.0, "percent_covered_display": "100", "missing_lines": 0, "excluded_lines": 0}, "missing_lines": [], "excluded_lines": []}}, "classes": {"": {"executed_lines": [1, 7, 10, 11, 12, 13, 14, 15, 16, 17, 18, 19, 20, 21, 24, 32, 39, 47, 57, 67, 77, 85, 92, 96, 102, 112, 122, 136, 140, 146], "summary": {"covered_lines": 29, "num_statements": 29, "percent_covered": 100.0, "percent_covered_display": "100", "missing_lines": 0, "excluded_lines": 0}, "missing_lines": [], "excluded_lines": []}}}, "src/marketing_project/api/step_results.py": {"executed_lines": [1, 11, 12, 14, 15, 16, 18, 20, 22, 26, 27, 29, 30, 31, 32, 33, 34, 35, 38, 41, 44, 47, 48, 51, 56, 57, 59, 60, 61, 62, 63, 64, 67, 70, 75, 76, 78, 79, 80, 81, 82, 83, 84, 87, 88, 90, 91, 95, 96, 106, 107, 108, 110, 112, 113, 114, 117, 118, 142, 143, 144, 147, 150, 154, 155, 160, 163, 166, 177, 192, 194, 198, 199, 200, 215, 217, 219, 221, 222, 232, 233, 246, 247, 248, 250, 251, 254, 255, 258, 259, 262, 263, 264, 268, 269, 271, 291, 293, 296, 297, 301, 307, 328, 362, 363, 366, 395, 411, 414, 432, 448, 449, 467, 468, 469, 473, 475, 476, 487, 488, 526, 527, 545, 546, 547, 552, 554, 560, 561, 574, 575, 585, 586, 587, 589, 590, 594, 596, 597], "summary": {"covered_lines": 134, "num_statements": 208, "percent_covered": 64.42307692307692, "percent_covered_display": "64", "missing_lines": 74, "excluded_lines": 0}, "missing_lines": [151, 167, 168, 178, 179, 181, 184, 185, 186, 189, 190, 225, 226, 227, 256, 265, 302, 303, 309, 310, 312, 320, 323, 324, 325, 326, 330, 331, 334, 339, 340, 342, 358, 359, 367, 389, 390, 396, 415, 416, 418, 419, 421, 422, 423, 425, 426, 427, 428, 429, 430, 441, 442, 443, 444, 445, 480, 481, 482, 506, 507, 508, 512, 514, 515, 519, 520, 521, 565, 566, 569, 598, 599, 600], "excluded_lines": [], "functions": {"list_jobs": {"executed_lines": [106, 107, 108, 110, 112, 113, 114], "summary": {"covered_lines": 7, "num_statements": 7, "percent_covered": 100.0, "percent_covered_display": "100", "missing_lines": 0, "excluded_lines": 0}, "missing_lines": [], "excluded_lines": []}, "get_job_results": {"executed_lines": [142, 143, 144, 147, 150, 154, 155, 160, 163, 166, 177, 192, 194, 198, 199, 200, 215, 217, 219, 221, 222], "summary": {"covered_lines": 21, "num_statements": 35, "percent_covered": 60.0, "percent_covered_display": "60", "missing_lines": 14, "excluded_lines": 0}, "missing_lines": [151, 167, 168, 178, 179, 181, 184, 185, 186, 189, 190, 225, 226, 227], "excluded_lines": []}, "get_job_timeline": {"executed_lines": [246, 247, 248, 250, 251, 254, 255, 258, 259, 262, 263, 264, 268, 269, 271, 291, 293, 296, 297, 301, 307, 328, 362, 363, 366, 395, 411, 414, 432], "summary": {"covered_lines": 29, "num_statements": 71, "percent_covered": 40.84507042253521, "percent_covered_display": "41", "missing_lines": 42, "excluded_lines": 0}, "missing_lines": [256, 265, 302, 303, 309, 310, 312, 320, 323, 324, 325, 326, 330, 331, 334, 339, 340, 342, 358, 359, 367, 389, 390, 396, 415, 416, 418, 419, 421, 422, 423, 425, 426, 427, 428, 429, 430, 441, 442, 443, 444, 445], "excluded_lines": []}, "get_step_result": {"executed_lines": [467, 468, 469, 473, 475, 476], "summary": {"covered_lines": 6, "num_statements": 9, "percent_covered": 66.66666666666667, "percent_covered_display": "67", "missing_lines": 3, "excluded_lines": 0}, "missing_lines": [480, 481, 482], "excluded_lines": []}, "get_step_result_by_name": {"executed_lines": [], "summary": {"covered_lines": 0, "num_statements": 9, "percent_covered": 0.0, "percent_covered_display": "0", "missing_lines": 9, "excluded_lines": 0}, "missing_lines": [506, 507, 508, 512, 514, 515, 519, 520, 521], "excluded_lines": []}, "download_step_result": {"executed_lines": [545, 546, 547, 552, 554, 560, 561], "summary": {"covered_lines": 7, "num_statements": 10, "percent_covered": 70.0, "percent_covered_display": "70", "missing_lines": 3, "excluded_lines": 0}, "missing_lines": [565, 566, 569], "excluded_lines": []}, "delete_job_results": {"executed_lines": [585, 586, 587, 589, 590, 594, 596, 597], "summary": {"covered_lines": 8, "num_statements": 11, "percent_covered": 72.72727272727273, "percent_covered_display": "73", "missing_lines": 3, "excluded_lines": 0}, "missing_lines": [598, 599, 600], "excluded_lines": []}, "": {"executed_lines": [1, 11, 12, 14, 15, 16, 18, 20, 22, 26, 27, 29, 30, 31, 32, 33, 34, 35, 38, 41, 44, 47, 48, 51, 56, 57, 59, 60, 61, 62, 63, 64, 67, 70, 75, 76, 78, 79, 80, 81, 82, 83, 84, 87, 88, 90, 91, 95, 96, 117, 118, 232, 233, 448, 449, 487, 488, 526, 527, 574, 575], "summary": {"covered_lines": 56, "num_statements": 56, "percent_covered": 100.0, "percent_covered_display": "100", "missing_lines": 0, "excluded_lines": 0}, "missing_lines": [], "excluded_lines": []}}, "classes": {"StepInfo": {"executed_lines": [], "summary": {"covered_lines": 0, "num_statements": 0, "percent_covered": 100.0, "percent_covered_display": "100", "missing_lines": 0, "excluded_lines": 0}, "missing_lines": [], "excluded_lines": []}, "JobResultsSummary": {"executed_lines": [], "summary": {"covered_lines": 0, "num_statements": 0, "percent_covered": 100.0, "percent_covered_display": "100", "missing_lines": 0, "excluded_lines": 0}, "missing_lines": [], "excluded_lines": []}, "JobListItem": {"executed_lines": [], "summary": {"covered_lines": 0, "num_statements": 0, "percent_covered": 100.0, "percent_covered_display": "100", "missing_lines": 0, "excluded_lines": 0}, "missing_lines": [], "excluded_lines": []}, "JobListResponse": {"executed_lines": [], "summary": {"covered_lines": 0, "num_statements": 0, "percent_covered": 100.0, "percent_covered_display": "100", "missing_lines": 0, "excluded_lines": 0}, "missing_lines": [], "excluded_lines": []}, "": {"executed_lines": [1, 11, 12, 14, 15, 16, 18, 20, 22, 26, 27, 29, 30, 31, 32, 33, 34, 35, 38, 41, 44, 47, 48, 51, 56, 57, 59, 60, 61, 62, 63, 64, 67, 70, 75, 76, 78, 79, 80, 81, 82, 83, 84, 87, 88, 90, 91, 95, 96, 106, 107, 108, 110, 112, 113, 114, 117, 118, 142, 143, 144, 147, 150, 154, 155, 160, 163, 166, 177, 192, 194, 198, 199, 200, 215, 217, 219, 221, 222, 232, 233, 246, 247, 248, 250, 251, 254, 255, 258, 259, 262, 263, 264, 268, 269, 271, 291, 293, 296, 297, 301, 307, 328, 362, 363, 366, 395, 411, 414, 432, 448, 449, 467, 468, 469, 473, 475, 476, 487, 488, 526, 527, 545, 546, 547, 552, 554, 560, 561, 574, 575, 585, 586, 587, 589, 590, 594, 596, 597], "summary": {"covered_lines": 134, "num_statements": 208, "percent_covered": 64.42307692307692, "percent_covered_display": "64", "missing_lines": 74, "excluded_lines": 0}, "missing_lines": [151, 167, 168, 178, 179, 181, 184, 185, 186, 189, 190, 225, 226, 227, 256, 265, 302, 303, 309, 310, 312, 320, 323, 324, 325, 326, 330, 331, 334, 339, 340, 342, 358, 359, 367, 389, 390, 396, 415, 416, 418, 419, 421, 422, 423, 425, 426, 427, 428, 429, 430, 441, 442, 443, 444, 445, 480, 481, 482, 506, 507, 508, 512, 514, 515, 519, 520, 521, 565, 566, 569, 598, 599, 600], "excluded_lines": []}}}, "src/marketing_project/api/system.py": {"executed_lines": [1, 5, 6, 8, 10, 12, 15, 18, 19, 28, 29, 30, 32, 49, 50, 51, 52], "summary": {"covered_lines": 16, "num_statements": 16, "percent_covered": 100.0, "percent_covered_display": "100", "missing_lines": 0, "excluded_lines": 0}, "missing_lines": [], "excluded_lines": [], "functions": {"get_system_info": {"executed_lines": [28, 29, 30, 32, 49, 50, 51, 52], "summary": {"covered_lines": 8, "num_statements": 8, "percent_covered": 100.0, "percent_covered_display": "100", "missing_lines": 0, "excluded_lines": 0}, "missing_lines": [], "excluded_lines": []}, "": {"executed_lines": [1, 5, 6, 8, 10, 12, 15, 18, 19], "summary": {"covered_lines": 8, "num_statements": 8, "percent_covered": 100.0, "percent_covered_display": "100", "missing_lines": 0, "excluded_lines": 0}, "missing_lines": [], "excluded_lines": []}}, "classes": {"": {"executed_lines": [1, 5, 6, 8, 10, 12, 15, 18, 19, 28, 29, 30, 32, 49, 50, 51, 52], "summary": {"covered_lines": 16, "num_statements": 16, "percent_covered": 100.0, "percent_covered_display": "100", "missing_lines": 0, "excluded_lines": 0}, "missing_lines": [], "excluded_lines": []}}}, "src/marketing_project/api/upload.py": {"executed_lines": [1, 5, 6, 7, 8, 9, 10, 11, 12, 13, 14, 16, 17, 18, 19, 20, 23, 24, 26, 30, 31, 33, 37, 40, 42, 45, 48, 49, 52, 53, 56, 57, 60, 61, 71, 73, 85, 87, 88, 94, 95, 96, 97, 102, 103, 106, 107, 108, 110, 113, 117, 131, 132, 138, 140, 141, 156, 158, 159, 175, 177, 178, 179, 180, 183, 184, 185, 186, 188, 190, 198, 200, 201, 202, 204, 207, 208, 209, 217, 332, 333, 335, 336, 339, 507, 508, 518, 519, 522, 525, 526, 532, 533, 536, 537, 540, 542, 544, 547, 548, 550, 554, 569, 570, 571, 572, 573, 576, 577, 581, 584], "summary": {"covered_lines": 109, "num_statements": 262, "percent_covered": 41.603053435114504, "percent_covered_display": "42", "missing_lines": 153, "excluded_lines": 0}, "missing_lines": [27, 28, 34, 35, 133, 134, 135, 143, 144, 145, 146, 147, 148, 149, 150, 151, 161, 162, 163, 164, 165, 166, 167, 168, 169, 170, 191, 192, 193, 210, 211, 212, 223, 225, 226, 229, 230, 233, 235, 236, 237, 239, 240, 242, 243, 245, 246, 248, 251, 252, 255, 257, 258, 260, 261, 262, 263, 264, 265, 268, 269, 271, 273, 280, 281, 283, 295, 305, 306, 307, 309, 313, 315, 317, 320, 321, 322, 323, 325, 327, 328, 329, 349, 351, 354, 355, 358, 361, 362, 363, 364, 365, 366, 368, 369, 374, 375, 384, 385, 387, 390, 391, 392, 395, 396, 397, 406, 408, 415, 416, 417, 418, 420, 421, 424, 425, 431, 432, 433, 434, 435, 436, 440, 441, 444, 445, 446, 447, 450, 451, 458, 459, 460, 461, 462, 463, 464, 466, 467, 468, 471, 474, 495, 497, 498, 499, 500, 501, 502, 541, 592, 593, 594], "excluded_lines": [], "functions": {"upload_file": {"executed_lines": [71, 73, 85, 87, 88, 94, 95, 96, 97, 102, 103, 106, 107, 108, 110, 113, 117, 131, 132], "summary": {"covered_lines": 19, "num_statements": 22, "percent_covered": 86.36363636363636, "percent_covered_display": "86", "missing_lines": 3, "excluded_lines": 0}, "missing_lines": [133, 134, 135], "excluded_lines": []}, "extract_text_from_docx": {"executed_lines": [140, 141], "summary": {"covered_lines": 2, "num_statements": 11, "percent_covered": 18.181818181818183, "percent_covered_display": "18", "missing_lines": 9, "excluded_lines": 0}, "missing_lines": [143, 144, 145, 146, 147, 148, 149, 150, 151], "excluded_lines": []}, "extract_text_from_pdf": {"executed_lines": [158, 159], "summary": {"covered_lines": 2, "num_statements": 12, "percent_covered": 16.666666666666668, "percent_covered_display": "17", "missing_lines": 10, "excluded_lines": 0}, "missing_lines": [161, 162, 163, 164, 165, 166, 167, 168, 169, 170], "excluded_lines": []}, "extract_text_from_csv": {"executed_lines": [177, 178, 179, 180, 183, 184, 185, 186, 188, 190], "summary": {"covered_lines": 10, "num_statements": 13, "percent_covered": 76.92307692307692, "percent_covered_display": "77", "missing_lines": 3, "excluded_lines": 0}, "missing_lines": [191, 192, 193], "excluded_lines": []}, "extract_text_from_rtf": {"executed_lines": [200, 201, 202, 204, 207, 208, 209], "summary": {"covered_lines": 7, "num_statements": 10, "percent_covered": 70.0, "percent_covered_display": "70", "missing_lines": 3, "excluded_lines": 0}, "missing_lines": [210, 211, 212], "excluded_lines": []}, "process_uploaded_file": {"executed_lines": [], "summary": {"covered_lines": 0, "num_statements": 50, "percent_covered": 0.0, "percent_covered_display": "0", "missing_lines": 50, "excluded_lines": 0}, "missing_lines": [223, 225, 226, 229, 230, 233, 235, 236, 237, 239, 240, 242, 243, 245, 246, 248, 251, 252, 255, 257, 258, 260, 261, 262, 263, 264, 265, 268, 269, 271, 273, 280, 281, 283, 295, 305, 306, 307, 309, 313, 315, 317, 320, 321, 322, 323, 325, 327, 328, 329], "excluded_lines": []}, "extract_blog_content_from_url": {"executed_lines": [], "summary": {"covered_lines": 0, "num_statements": 67, "percent_covered": 0.0, "percent_covered_display": "0", "missing_lines": 67, "excluded_lines": 0}, "missing_lines": [349, 351, 354, 355, 358, 361, 362, 363, 364, 365, 366, 368, 369, 374, 375, 384, 385, 387, 390, 391, 392, 395, 396, 397, 406, 408, 415, 416, 417, 418, 420, 421, 424, 425, 431, 432, 433, 434, 435, 436, 440, 441, 444, 445, 446, 447, 450, 451, 458, 459, 460, 461, 462, 463, 464, 466, 467, 468, 471, 474, 495, 497, 498, 499, 500, 501, 502], "excluded_lines": []}, "upload_from_url": {"executed_lines": [518, 519, 522, 525, 526, 532, 533, 536, 537, 540, 542, 544, 547, 548, 550, 554, 569, 570, 571, 572, 573], "summary": {"covered_lines": 21, "num_statements": 22, "percent_covered": 95.45454545454545, "percent_covered_display": "95", "missing_lines": 1, "excluded_lines": 0}, "missing_lines": [541], "excluded_lines": []}, "get_upload_status": {"executed_lines": [581, 584], "summary": {"covered_lines": 2, "num_statements": 5, "percent_covered": 40.0, "percent_covered_display": "40", "missing_lines": 3, "excluded_lines": 0}, "missing_lines": [592, 593, 594], "excluded_lines": []}, "": {"executed_lines": [1, 5, 6, 7, 8, 9, 10, 11, 12, 13, 14, 16, 17, 18, 19, 20, 23, 24, 26, 30, 31, 33, 37, 40, 42, 45, 48, 49, 52, 53, 56, 57, 60, 61, 138, 156, 175, 198, 217, 332, 333, 335, 336, 339, 507, 508, 576, 577], "summary": {"covered_lines": 46, "num_statements": 50, "percent_covered": 92.0, "percent_covered_display": "92", "missing_lines": 4, "excluded_lines": 0}, "missing_lines": [27, 28, 34, 35], "excluded_lines": []}}, "classes": {"URLExtractionRequest": {"executed_lines": [], "summary": {"covered_lines": 0, "num_statements": 0, "percent_covered": 100.0, "percent_covered_display": "100", "missing_lines": 0, "excluded_lines": 0}, "missing_lines": [], "excluded_lines": []}, "": {"executed_lines": [1, 5, 6, 7, 8, 9, 10, 11, 12, 13, 14, 16, 17, 18, 19, 20, 23, 24, 26, 30, 31, 33, 37, 40, 42, 45, 48, 49, 52, 53, 56, 57, 60, 61, 71, 73, 85, 87, 88, 94, 95, 96, 97, 102, 103, 106, 107, 108, 110, 113, 117, 131, 132, 138, 140, 141, 156, 158, 159, 175, 177, 178, 179, 180, 183, 184, 185, 186, 188, 190, 198, 200, 201, 202, 204, 207, 208, 209, 217, 332, 333, 335, 336, 339, 507, 508, 518, 519, 522, 525, 526, 532, 533, 536, 537, 540, 542, 544, 547, 548, 550, 554, 569, 570, 571, 572, 573, 576, 577, 581, 584], "summary": {"covered_lines": 109, "num_statements": 262, "percent_covered": 41.603053435114504, "percent_covered_display": "42", "missing_lines": 153, "excluded_lines": 0}, "missing_lines": [27, 28, 34, 35, 133, 134, 135, 143, 144, 145, 146, 147, 148, 149, 150, 151, 161, 162, 163, 164, 165, 166, 167, 168, 169, 170, 191, 192, 193, 210, 211, 212, 223, 225, 226, 229, 230, 233, 235, 236, 237, 239, 240, 242, 243, 245, 246, 248, 251, 252, 255, 257, 258, 260, 261, 262, 263, 264, 265, 268, 269, 271, 273, 280, 281, 283, 295, 305, 306, 307, 309, 313, 315, 317, 320, 321, 322, 323, 325, 327, 328, 329, 349, 351, 354, 355, 358, 361, 362, 363, 364, 365, 366, 368, 369, 374, 375, 384, 385, 387, 390, 391, 392, 395, 396, 397, 406, 408, 415, 416, 417, 418, 420, 421, 424, 425, 431, 432, 433, 434, 435, 436, 440, 441, 444, 445, 446, 447, 450, 451, 458, 459, 460, 461, 462, 463, 464, 466, 467, 468, 471, 474, 495, 497, 498, 499, 500, 501, 502, 541, 592, 593, 594], "excluded_lines": []}}}, "src/marketing_project/config/settings.py": {"executed_lines": [1, 7, 10, 12, 13, 14, 16, 19, 32, 33, 34, 35, 38, 39], "summary": {"covered_lines": 13, "num_statements": 16, "percent_covered": 81.25, "percent_covered_display": "81", "missing_lines": 3, "excluded_lines": 0}, "missing_lines": [26, 27, 28], "excluded_lines": [], "functions": {"get_prompts_dir": {"executed_lines": [], "summary": {"covered_lines": 0, "num_statements": 3, "percent_covered": 0.0, "percent_covered_display": "0", "missing_lines": 3, "excluded_lines": 0}, "missing_lines": [26, 27, 28], "excluded_lines": []}, "": {"executed_lines": [1, 7, 10, 12, 13, 14, 16, 19, 32, 33, 34, 35, 38, 39], "summary": {"covered_lines": 13, "num_statements": 13, "percent_covered": 100.0, "percent_covered_display": "100", "missing_lines": 0, "excluded_lines": 0}, "missing_lines": [], "excluded_lines": []}}, "classes": {"": {"executed_lines": [1, 7, 10, 12, 13, 14, 16, 19, 32, 33, 34, 35, 38, 39], "summary": {"covered_lines": 13, "num_statements": 16, "percent_covered": 81.25, "percent_covered_display": "81", "missing_lines": 3, "excluded_lines": 0}, "missing_lines": [26, 27, 28], "excluded_lines": []}}}, "src/marketing_project/core/__init__.py": {"executed_lines": [1, 23, 24, 33, 35], "summary": {"covered_lines": 4, "num_statements": 4, "percent_covered": 100.0, "percent_covered_display": "100", "missing_lines": 0, "excluded_lines": 0}, "missing_lines": [], "excluded_lines": [], "functions": {"": {"executed_lines": [1, 23, 24, 33, 35], "summary": {"covered_lines": 4, "num_statements": 4, "percent_covered": 100.0, "percent_covered_display": "100", "missing_lines": 0, "excluded_lines": 0}, "missing_lines": [], "excluded_lines": []}}, "classes": {"": {"executed_lines": [1, 23, 24, 33, 35], "summary": {"covered_lines": 4, "num_statements": 4, "percent_covered": 100.0, "percent_covered_display": "100", "missing_lines": 0, "excluded_lines": 0}, "missing_lines": [], "excluded_lines": []}}}, "src/marketing_project/core/content_sources.py": {"executed_lines": [1, 16, 17, 18, 19, 20, 22, 25, 26, 28, 29, 30, 31, 32, 33, 34, 37, 38, 40, 41, 42, 43, 46, 47, 49, 50, 51, 52, 53, 54, 55, 56, 57, 58, 61, 62, 64, 65, 66, 67, 68, 71, 74, 75, 77, 78, 79, 80, 81, 82, 83, 84, 87, 88, 90, 91, 92, 93, 94, 95, 96, 97, 100, 101, 103, 104, 105, 108, 109, 110, 111, 114, 115, 117, 118, 119, 120, 121, 124, 125, 127, 128, 129, 130, 133, 134, 136, 137, 138, 139, 140, 141, 145, 156, 157, 159, 160, 161, 162, 163, 164, 165, 168, 169, 171, 172, 173, 174, 175, 177, 178, 182, 183, 187, 188, 192, 196, 209, 210, 212, 213, 214, 215, 217, 219, 220, 221, 222, 223, 225, 226, 232, 241, 245, 246, 251, 253, 254, 255, 256, 257, 273, 275, 279, 291, 293, 295, 298, 299, 301, 316, 320, 324, 326, 328, 329, 331], "summary": {"covered_lines": 143, "num_statements": 184, "percent_covered": 77.71739130434783, "percent_covered_display": "78", "missing_lines": 41, "excluded_lines": 0}, "missing_lines": [180, 185, 190, 194, 198, 227, 228, 229, 230, 234, 235, 236, 237, 238, 239, 258, 259, 260, 261, 263, 277, 281, 283, 284, 288, 289, 296, 303, 304, 305, 306, 307, 308, 309, 310, 311, 312, 313, 314, 318, 322], "excluded_lines": [], "functions": {"ContentSource.__init__": {"executed_lines": [172, 173, 174, 175], "summary": {"covered_lines": 4, "num_statements": 4, "percent_covered": 100.0, "percent_covered_display": "100", "missing_lines": 0, "excluded_lines": 0}, "missing_lines": [], "excluded_lines": []}, "ContentSource.initialize": {"executed_lines": [], "summary": {"covered_lines": 0, "num_statements": 1, "percent_covered": 0.0, "percent_covered_display": "0", "missing_lines": 1, "excluded_lines": 0}, "missing_lines": [180], "excluded_lines": []}, "ContentSource.fetch_content": {"executed_lines": [], "summary": {"covered_lines": 0, "num_statements": 1, "percent_covered": 0.0, "percent_covered_display": "0", "missing_lines": 1, "excluded_lines": 0}, "missing_lines": [185], "excluded_lines": []}, "ContentSource.health_check": {"executed_lines": [], "summary": {"covered_lines": 0, "num_statements": 1, "percent_covered": 0.0, "percent_covered_display": "0", "missing_lines": 1, "excluded_lines": 0}, "missing_lines": [190], "excluded_lines": []}, "ContentSource.cleanup": {"executed_lines": [], "summary": {"covered_lines": 0, "num_statements": 1, "percent_covered": 0.0, "percent_covered_display": "0", "missing_lines": 1, "excluded_lines": 0}, "missing_lines": [194], "excluded_lines": []}, "ContentSource.get_status": {"executed_lines": [], "summary": {"covered_lines": 0, "num_statements": 1, "percent_covered": 0.0, "percent_covered_display": "0", "missing_lines": 1, "excluded_lines": 0}, "missing_lines": [198], "excluded_lines": []}, "ContentSourceManager.__init__": {"executed_lines": [213, 214, 215], "summary": {"covered_lines": 3, "num_statements": 3, "percent_covered": 100.0, "percent_covered_display": "100", "missing_lines": 0, "excluded_lines": 0}, "missing_lines": [], "excluded_lines": []}, "ContentSourceManager.add_source": {"executed_lines": [219, 220, 221, 222, 223, 225, 226], "summary": {"covered_lines": 7, "num_statements": 11, "percent_covered": 63.63636363636363, "percent_covered_display": "64", "missing_lines": 4, "excluded_lines": 0}, "missing_lines": [227, 228, 229, 230], "excluded_lines": []}, "ContentSourceManager.remove_source": {"executed_lines": [], "summary": {"covered_lines": 0, "num_statements": 6, "percent_covered": 0.0, "percent_covered_display": "0", "missing_lines": 6, "excluded_lines": 0}, "missing_lines": [234, 235, 236, 237, 238, 239], "excluded_lines": []}, "ContentSourceManager.fetch_all_content": {"executed_lines": [245, 246, 251, 253, 254, 255, 256, 257, 273], "summary": {"covered_lines": 9, "num_statements": 14, "percent_covered": 64.28571428571429, "percent_covered_display": "64", "missing_lines": 5, "excluded_lines": 0}, "missing_lines": [258, 259, 260, 261, 263], "excluded_lines": []}, "ContentSourceManager.get_source_status": {"executed_lines": [], "summary": {"covered_lines": 0, "num_statements": 1, "percent_covered": 0.0, "percent_covered_display": "0", "missing_lines": 1, "excluded_lines": 0}, "missing_lines": [277], "excluded_lines": []}, "ContentSourceManager.start_polling": {"executed_lines": [], "summary": {"covered_lines": 0, "num_statements": 5, "percent_covered": 0.0, "percent_covered_display": "0", "missing_lines": 5, "excluded_lines": 0}, "missing_lines": [281, 283, 284, 288, 289], "excluded_lines": []}, "ContentSourceManager.stop_polling": {"executed_lines": [293, 295, 298, 299], "summary": {"covered_lines": 4, "num_statements": 5, "percent_covered": 80.0, "percent_covered_display": "80", "missing_lines": 1, "excluded_lines": 0}, "missing_lines": [296], "excluded_lines": []}, "ContentSourceManager._poll_source": {"executed_lines": [], "summary": {"covered_lines": 0, "num_statements": 12, "percent_covered": 0.0, "percent_covered_display": "0", "missing_lines": 12, "excluded_lines": 0}, "missing_lines": [303, 304, 305, 306, 307, 308, 309, 310, 311, 312, 313, 314], "excluded_lines": []}, "ContentSourceManager.get_all_sources": {"executed_lines": [], "summary": {"covered_lines": 0, "num_statements": 1, "percent_covered": 0.0, "percent_covered_display": "0", "missing_lines": 1, "excluded_lines": 0}, "missing_lines": [318], "excluded_lines": []}, "ContentSourceManager.get_source": {"executed_lines": [], "summary": {"covered_lines": 0, "num_statements": 1, "percent_covered": 0.0, "percent_covered_display": "0", "missing_lines": 1, "excluded_lines": 0}, "missing_lines": [322], "excluded_lines": []}, "ContentSourceManager.cleanup": {"executed_lines": [326, 328, 329, 331], "summary": {"covered_lines": 4, "num_statements": 4, "percent_covered": 100.0, "percent_covered_display": "100", "missing_lines": 0, "excluded_lines": 0}, "missing_lines": [], "excluded_lines": []}, "": {"executed_lines": [1, 16, 17, 18, 19, 20, 22, 25, 26, 28, 29, 30, 31, 32, 33, 34, 37, 38, 40, 41, 42, 43, 46, 47, 49, 50, 51, 52, 53, 54, 55, 56, 57, 58, 61, 62, 64, 65, 66, 67, 68, 71, 74, 75, 77, 78, 79, 80, 81, 82, 83, 84, 87, 88, 90, 91, 92, 93, 94, 95, 96, 97, 100, 101, 103, 104, 105, 108, 109, 110, 111, 114, 115, 117, 118, 119, 120, 121, 124, 125, 127, 128, 129, 130, 133, 134, 136, 137, 138, 139, 140, 141, 145, 156, 157, 159, 160, 161, 162, 163, 164, 165, 168, 169, 171, 177, 178, 182, 183, 187, 188, 192, 196, 209, 210, 212, 217, 232, 241, 275, 279, 291, 301, 316, 320, 324], "summary": {"covered_lines": 112, "num_statements": 112, "percent_covered": 100.0, "percent_covered_display": "100", "missing_lines": 0, "excluded_lines": 0}, "missing_lines": [], "excluded_lines": []}}, "classes": {"ContentSourceType": {"executed_lines": [], "summary": {"covered_lines": 0, "num_statements": 0, "percent_covered": 100.0, "percent_covered_display": "100", "missing_lines": 0, "excluded_lines": 0}, "missing_lines": [], "excluded_lines": []}, "ContentSourceStatus": {"executed_lines": [], "summary": {"covered_lines": 0, "num_statements": 0, "percent_covered": 100.0, "percent_covered_display": "100", "missing_lines": 0, "excluded_lines": 0}, "missing_lines": [], "excluded_lines": []}, "ContentSourceConfig": {"executed_lines": [], "summary": {"covered_lines": 0, "num_statements": 0, "percent_covered": 100.0, "percent_covered_display": "100", "missing_lines": 0, "excluded_lines": 0}, "missing_lines": [], "excluded_lines": []}, "FileSourceConfig": {"executed_lines": [], "summary": {"covered_lines": 0, "num_statements": 0, "percent_covered": 100.0, "percent_covered_display": "100", "missing_lines": 0, "excluded_lines": 0}, "missing_lines": [], "excluded_lines": []}, "APISourceConfig": {"executed_lines": [], "summary": {"covered_lines": 0, "num_statements": 0, "percent_covered": 100.0, "percent_covered_display": "100", "missing_lines": 0, "excluded_lines": 0}, "missing_lines": [], "excluded_lines": []}, "DatabaseSourceConfig": {"executed_lines": [], "summary": {"covered_lines": 0, "num_statements": 0, "percent_covered": 100.0, "percent_covered_display": "100", "missing_lines": 0, "e
[...]
d": 0.0, "percent_covered_display": "0", "missing_lines": 14, "excluded_lines": 0}, "missing_lines": [262, 263, 264, 265, 267, 268, 269, 270, 271, 272, 273, 277, 278, 279], "excluded_lines": []}, "WebScrapingContentSource._parse_robots_txt": {"executed_lines": [], "summary": {"covered_lines": 0, "num_statements": 10, "percent_covered": 0.0, "percent_covered_display": "0", "missing_lines": 10, "excluded_lines": 0}, "missing_lines": [284, 285, 286, 288, 289, 290, 291, 292, 293, 297], "excluded_lines": []}, "WebScrapingContentSource._can_scrape_url": {"executed_lines": [], "summary": {"covered_lines": 0, "num_statements": 4, "percent_covered": 0.0, "percent_covered_display": "0", "missing_lines": 4, "excluded_lines": 0}, "missing_lines": [301, 302, 304, 305], "excluded_lines": []}, "WebScrapingContentSource.health_check": {"executed_lines": [], "summary": {"covered_lines": 0, "num_statements": 8, "percent_covered": 0.0, "percent_covered_display": "0", "missing_lines": 8, "excluded_lines": 0}, "missing_lines": [309, 310, 312, 314, 315, 316, 317, 318], "excluded_lines": []}, "WebScrapingContentSource.cleanup": {"executed_lines": [], "summary": {"covered_lines": 0, "num_statements": 4, "percent_covered": 0.0, "percent_covered_display": "0", "missing_lines": 4, "excluded_lines": 0}, "missing_lines": [322, 323, 324, 325], "excluded_lines": []}, "SeleniumScrapingSource.__init__": {"executed_lines": [], "summary": {"covered_lines": 0, "num_statements": 2, "percent_covered": 0.0, "percent_covered_display": "0", "missing_lines": 2, "excluded_lines": 0}, "missing_lines": [332, 333], "excluded_lines": []}, "SeleniumScrapingSource.initialize": {"executed_lines": [], "summary": {"covered_lines": 0, "num_statements": 16, "percent_covered": 0.0, "percent_covered_display": "0", "missing_lines": 16, "excluded_lines": 0}, "missing_lines": [337, 339, 340, 341, 342, 343, 344, 347, 349, 350, 351, 352, 354, 355, 358, 359], "excluded_lines": []}, "SeleniumScrapingSource._scrape_url": {"executed_lines": [], "summary": {"covered_lines": 0, "num_statements": 12, "percent_covered": 0.0, "percent_covered_display": "0", "missing_lines": 12, "excluded_lines": 0}, "missing_lines": [363, 364, 367, 368, 371, 372, 373, 376, 379, 381, 382, 383], "excluded_lines": []}, "SeleniumScrapingSource.health_check": {"executed_lines": [], "summary": {"covered_lines": 0, "num_statements": 7, "percent_covered": 0.0, "percent_covered_display": "0", "missing_lines": 7, "excluded_lines": 0}, "missing_lines": [387, 388, 390, 391, 392, 393, 394], "excluded_lines": []}, "SeleniumScrapingSource.cleanup": {"executed_lines": [], "summary": {"covered_lines": 0, "num_statements": 3, "percent_covered": 0.0, "percent_covered_display": "0", "missing_lines": 3, "excluded_lines": 0}, "missing_lines": [398, 399, 400], "excluded_lines": []}, "BeautifulSoupScrapingSource.__init__": {"executed_lines": [], "summary": {"covered_lines": 0, "num_statements": 2, "percent_covered": 0.0, "percent_covered_display": "0", "missing_lines": 2, "excluded_lines": 0}, "missing_lines": [407, 410], "excluded_lines": []}, "BeautifulSoupScrapingSource._parse_html": {"executed_lines": [], "summary": {"covered_lines": 0, "num_statements": 18, "percent_covered": 0.0, "percent_covered_display": "0", "missing_lines": 18, "excluded_lines": 0}, "missing_lines": [414, 416, 417, 418, 419, 421, 424, 427, 430, 433, 436, 439, 440, 450, 452, 454, 455, 456], "excluded_lines": []}, "BeautifulSoupScrapingSource._extract_title": {"executed_lines": [], "summary": {"covered_lines": 0, "num_statements": 9, "percent_covered": 0.0, "percent_covered_display": "0", "missing_lines": 9, "excluded_lines": 0}, "missing_lines": [460, 461, 462, 463, 466, 467, 468, 469, 471], "excluded_lines": []}, "BeautifulSoupScrapingSource._extract_content": {"executed_lines": [], "summary": {"covered_lines": 0, "num_statements": 12, "percent_covered": 0.0, "percent_covered_display": "0", "missing_lines": 12, "excluded_lines": 0}, "missing_lines": [475, 476, 477, 478, 481, 491, 492, 493, 496, 497, 498, 500], "excluded_lines": []}, "BeautifulSoupScrapingSource._extract_snippet": {"executed_lines": [], "summary": {"covered_lines": 0, "num_statements": 9, "percent_covered": 0.0, "percent_covered_display": "0", "missing_lines": 9, "excluded_lines": 0}, "missing_lines": [504, 505, 506, 507, 510, 511, 512, 513, 516], "excluded_lines": []}, "BeautifulSoupScrapingSource._extract_metadata": {"executed_lines": [], "summary": {"covered_lines": 0, "num_statements": 20, "percent_covered": 0.0, "percent_covered_display": "0", "missing_lines": 20, "excluded_lines": 0}, "missing_lines": [522, 531, 532, 533, 534, 535, 536, 539, 540, 541, 542, 543, 546, 547, 548, 549, 550, 551, 552, 554], "excluded_lines": []}, "": {"executed_lines": [1, 13, 14, 15, 16, 17, 18, 19, 21, 22, 23, 24, 25, 26, 27, 29, 36, 39, 40, 42, 49, 83, 141, 160, 252, 260, 281, 299, 307, 320, 328, 329, 331, 335, 361, 385, 396, 403, 404, 406, 412, 458, 473, 502, 518], "summary": {"covered_lines": 41, "num_statements": 41, "percent_covered": 100.0, "percent_covered_display": "100", "missing_lines": 0, "excluded_lines": 0}, "missing_lines": [], "excluded_lines": []}}, "classes": {"WebScrapingContentSource": {"executed_lines": [], "summary": {"covered_lines": 0, "num_statements": 140, "percent_covered": 0.0, "percent_covered_display": "0", "missing_lines": 140, "excluded_lines": 0}, "missing_lines": [43, 44, 45, 46, 47, 51, 53, 61, 62, 69, 70, 72, 73, 74, 76, 77, 80, 81, 85, 86, 94, 95, 96, 102, 103, 105, 106, 107, 110, 111, 114, 115, 117, 118, 119, 121, 129, 130, 133, 143, 144, 145, 146, 149, 152, 154, 156, 157, 158, 162, 163, 164, 167, 170, 171, 172, 173, 174, 177, 178, 179, 182, 183, 184, 185, 186, 189, 194, 195, 198, 199, 200, 201, 202, 205, 208, 217, 218, 219, 220, 221, 224, 225, 226, 227, 228, 229, 230, 233, 234, 244, 246, 248, 249, 250, 254, 255, 256, 257, 258, 262, 263, 264, 265, 267, 268, 269, 270, 271, 272, 273, 277, 278, 279, 284, 285, 286, 288, 289, 290, 291, 292, 293, 297, 301, 302, 304, 305, 309, 310, 312, 314, 315, 316, 317, 318, 322, 323, 324, 325], "excluded_lines": []}, "SeleniumScrapingSource": {"executed_lines": [], "summary": {"covered_lines": 0, "num_statements": 40, "percent_covered": 0.0, "percent_covered_display": "0", "missing_lines": 40, "excluded_lines": 0}, "missing_lines": [332, 333, 337, 339, 340, 341, 342, 343, 344, 347, 349, 350, 351, 352, 354, 355, 358, 359, 363, 364, 367, 368, 371, 372, 373, 376, 379, 381, 382, 383, 387, 388, 390, 391, 392, 393, 394, 398, 399, 400], "excluded_lines": []}, "BeautifulSoupScrapingSource": {"executed_lines": [], "summary": {"covered_lines": 0, "num_statements": 70, "percent_covered": 0.0, "percent_covered_display": "0", "missing_lines": 70, "excluded_lines": 0}, "missing_lines": [407, 410, 414, 416, 417, 418, 419, 421, 424, 427, 430, 433, 436, 439, 440, 450, 452, 454, 455, 456, 460, 461, 462, 463, 466, 467, 468, 469, 471, 475, 476, 477, 478, 481, 491, 492, 493, 496, 497, 498, 500, 504, 505, 506, 507, 510, 511, 512, 513, 516, 522, 531, 532, 533, 534, 535, 536, 539, 540, 541, 542, 543, 546, 547, 548, 549, 550, 551, 552, 554], "excluded_lines": []}, "": {"executed_lines": [1, 13, 14, 15, 16, 17, 18, 19, 21, 22, 23, 24, 25, 26, 27, 29, 36, 39, 40, 42, 49, 83, 141, 160, 252, 260, 281, 299, 307, 320, 328, 329, 331, 335, 361, 385, 396, 403, 404, 406, 412, 458, 473, 502, 518], "summary": {"covered_lines": 41, "num_statements": 41, "percent_covered": 100.0, "percent_covered_display": "100", "missing_lines": 0, "excluded_lines": 0}, "missing_lines": [], "excluded_lines": []}}}, "src/marketing_project/worker.py": {"executed_lines": [1, 14, 15, 16, 17, 18, 20, 21, 23, 28, 29, 30, 32, 36, 49, 50, 53, 54, 57, 58, 59, 60, 61, 63, 64, 65, 70, 71, 73, 74, 76, 77, 79, 81, 82, 83, 86, 101, 102, 105, 106, 111, 112, 113, 114, 115, 117, 118, 119, 124, 125, 127, 130, 131, 133, 140, 153, 154, 157, 158, 163, 164, 165, 166, 167, 169, 170, 171, 176, 177, 179, 182, 183, 185, 192, 272, 350, 752, 842, 918, 1002, 1059, 1173, 1276, 1282, 1288, 1289, 1308, 1317, 1333, 1336, 1337, 1338, 1341, 1342, 1345, 1348, 1351, 1355, 1365, 1366], "summary": {"covered_lines": 99, "num_statements": 488, "percent_covered": 20.28688524590164, "percent_covered_display": "20", "missing_lines": 389, "excluded_lines": 0}, "missing_lines": [66, 67, 120, 121, 128, 135, 136, 137, 172, 173, 180, 187, 188, 189, 213, 214, 218, 219, 225, 227, 228, 230, 234, 235, 237, 238, 239, 245, 248, 249, 251, 255, 262, 265, 267, 268, 269, 291, 292, 296, 297, 301, 303, 304, 306, 310, 313, 318, 319, 320, 321, 322, 323, 325, 328, 332, 336, 342, 343, 345, 346, 347, 372, 373, 376, 377, 382, 384, 385, 386, 390, 392, 393, 395, 396, 399, 401, 402, 403, 405, 410, 411, 412, 413, 426, 427, 434, 436, 437, 438, 441, 445, 446, 447, 450, 455, 456, 457, 458, 461, 467, 470, 471, 472, 473, 474, 477, 478, 479, 480, 481, 484, 488, 490, 493, 500, 502, 506, 507, 517, 519, 520, 521, 522, 526, 531, 534, 535, 537, 539, 543, 544, 545, 548, 560, 570, 575, 578, 580, 581, 584, 586, 587, 589, 590, 591, 593, 594, 595, 596, 597, 601, 602, 603, 605, 608, 613, 616, 617, 621, 622, 624, 625, 627, 632, 635, 637, 645, 654, 657, 661, 662, 663, 665, 666, 670, 672, 673, 674, 675, 679, 680, 681, 685, 688, 690, 694, 695, 696, 698, 700, 703, 706, 707, 712, 713, 714, 715, 717, 718, 721, 723, 726, 728, 729, 731, 734, 740, 743, 745, 746, 749, 767, 768, 773, 774, 779, 782, 783, 784, 785, 787, 788, 789, 792, 795, 798, 801, 805, 807, 808, 810, 813, 817, 826, 827, 829, 837, 838, 839, 866, 867, 870, 871, 876, 879, 880, 883, 884, 892, 893, 895, 898, 903, 911, 912, 915, 940, 941, 944, 945, 946, 951, 954, 962, 965, 968, 969, 970, 971, 972, 974, 975, 979, 986, 987, 990, 991, 992, 995, 996, 997, 998, 999, 1014, 1015, 1019, 1020, 1024, 1025, 1026, 1027, 1029, 1030, 1031, 1032, 1033, 1034, 1037, 1038, 1039, 1040, 1042, 1043, 1047, 1054, 1055, 1056, 1083, 1084, 1086, 1087, 1091, 1092, 1099, 1103, 1104, 1106, 1107, 1111, 1112, 1113, 1115, 1117, 1120, 1121, 1122, 1123, 1124, 1125, 1130, 1133, 1139, 1140, 1141, 1142, 1143, 1146, 1147, 1150, 1152, 1156, 1157, 1161, 1168, 1169, 1170, 1188, 1189, 1193, 1194, 1198, 1199, 1201, 1205, 1206, 1208, 1209, 1213, 1214, 1215, 1217, 1219, 1222, 1223, 1224, 1225, 1226, 1227, 1232, 1235, 1241, 1242, 1243, 1244, 1245, 1248, 1249, 1252, 1254, 1258, 1259, 1263, 1270, 1271, 1272, 1278, 1279, 1284], "excluded_lines": [], "functions": {"process_blog_job": {"executed_lines": [49, 50, 53, 54, 57, 58, 59, 60, 61, 63, 64, 65, 70, 71, 73, 74, 76, 77, 79, 81, 82, 83], "summary": {"covered_lines": 22, "num_statements": 24, "percent_covered": 91.66666666666667, "percent_covered_display": "92", "missing_lines": 2, "excluded_lines": 0}, "missing_lines": [66, 67], "excluded_lines": []}, "process_release_notes_job": {"executed_lines": [101, 102, 105, 106, 111, 112, 113, 114, 115, 117, 118, 119, 124, 125, 127, 130, 131, 133], "summary": {"covered_lines": 18, "num_statements": 24, "percent_covered": 75.0, "percent_covered_display": "75", "missing_lines": 6, "excluded_lines": 0}, "missing_lines": [120, 121, 128, 135, 136, 137], "excluded_lines": []}, "process_transcript_job": {"executed_lines": [153, 154, 157, 158, 163, 164, 165, 166, 167, 169, 170, 171, 176, 177, 179, 182, 183, 185], "summary": {"covered_lines": 18, "num_statements": 24, "percent_covered": 75.0, "percent_covered_display": "75", "missing_lines": 6, "excluded_lines": 0}, "missing_lines": [172, 173, 180, 187, 188, 189], "excluded_lines": []}, "analyze_design_kit_batch_job": {"executed_lines": [], "summary": {"covered_lines": 0, "num_statements": 23, "percent_covered": 0.0, "percent_covered_display": "0", "missing_lines": 23, "excluded_lines": 0}, "missing_lines": [213, 214, 218, 219, 225, 227, 228, 230, 234, 235, 237, 238, 239, 245, 248, 249, 251, 255, 262, 265, 267, 268, 269], "excluded_lines": []}, "synthesize_design_kit_job": {"executed_lines": [], "summary": {"covered_lines": 0, "num_statements": 25, "percent_covered": 0.0, "percent_covered_display": "0", "missing_lines": 25, "excluded_lines": 0}, "missing_lines": [291, 292, 296, 297, 301, 303, 304, 306, 310, 313, 318, 319, 320, 321, 322, 323, 325, 328, 332, 336, 342, 343, 345, 346, 347], "excluded_lines": []}, "refresh_design_kit_job": {"executed_lines": [], "summary": {"covered_lines": 0, "num_statements": 150, "percent_covered": 0.0, "percent_covered_display": "0", "missing_lines": 150, "excluded_lines": 0}, "missing_lines": [372, 373, 376, 377, 382, 384, 385, 386, 390, 392, 393, 395, 396, 399, 401, 402, 403, 405, 410, 411, 412, 413, 426, 427, 434, 436, 437, 438, 441, 445, 446, 447, 450, 455, 456, 457, 458, 461, 467, 470, 471, 472, 473, 474, 477, 478, 479, 480, 481, 484, 488, 490, 493, 500, 502, 506, 507, 517, 519, 520, 521, 522, 526, 531, 534, 535, 537, 539, 543, 544, 545, 548, 560, 570, 575, 578, 580, 581, 584, 586, 587, 589, 590, 591, 593, 594, 595, 596, 597, 601, 602, 603, 605, 608, 613, 616, 617, 621, 622, 624, 625, 627, 632, 635, 637, 645, 654, 657, 661, 662, 663, 665, 666, 670, 672, 673, 674, 675, 679, 680, 681, 685, 688, 690, 694, 695, 696, 698, 700, 703, 706, 707, 712, 713, 714, 715, 717, 718, 721, 723, 726, 728, 729, 731, 734, 740, 743, 745, 746, 749], "excluded_lines": []}, "resume_pipeline_job": {"executed_lines": [], "summary": {"covered_lines": 0, "num_statements": 28, "percent_covered": 0.0, "percent_covered_display": "0", "missing_lines": 28, "excluded_lines": 0}, "missing_lines": [767, 768, 773, 774, 779, 782, 783, 784, 785, 787, 788, 789, 792, 795, 798, 801, 805, 807, 808, 810, 813, 817, 826, 827, 829, 837, 838, 839], "excluded_lines": []}, "retry_step_job": {"executed_lines": [], "summary": {"covered_lines": 0, "num_statements": 17, "percent_covered": 0.0, "percent_covered_display": "0", "missing_lines": 17, "excluded_lines": 0}, "missing_lines": [866, 867, 870, 871, 876, 879, 880, 883, 884, 892, 893, 895, 898, 903, 911, 912, 915], "excluded_lines": []}, "execute_single_step_job": {"executed_lines": [], "summary": {"covered_lines": 0, "num_statements": 27, "percent_covered": 0.0, "percent_covered_display": "0", "missing_lines": 27, "excluded_lines": 0}, "missing_lines": [940, 941, 944, 945, 946, 951, 954, 962, 965, 968, 969, 970, 971, 972, 974, 975, 979, 986, 987, 990, 991, 992, 995, 996, 997, 998, 999], "excluded_lines": []}, "bulk_rescan_documents_job": {"executed_lines": [], "summary": {"covered_lines": 0, "num_statements": 24, "percent_covered": 0.0, "percent_covered_display": "0", "missing_lines": 24, "excluded_lines": 0}, "missing_lines": [1014, 1015, 1019, 1020, 1024, 1025, 1026, 1027, 1029, 1030, 1031, 1032, 1033, 1034, 1037, 1038, 1039, 1040, 1042, 1043, 1047, 1054, 1055, 1056], "excluded_lines": []}, "scan_from_url_job": {"executed_lines": [], "summary": {"covered_lines": 0, "num_statements": 39, "percent_covered": 0.0, "percent_covered_display": "0", "missing_lines": 39, "excluded_lines": 0}, "missing_lines": [1083, 1084, 1086, 1087, 1091, 1092, 1099, 1103, 1104, 1106, 1107, 1111, 1112, 1113, 1115, 1117, 1120, 1121, 1122, 1123, 1124, 1125, 1130, 1133, 1139, 1140, 1141, 1142, 1143, 1146, 1147, 1150, 1152, 1156, 1157, 1161, 1168, 1169, 1170], "excluded_lines": []}, "scan_from_list_job": {"executed_lines": [], "summary": {"covered_lines": 0, "num_statements": 39, "percent_covered": 0.0, "percent_covered_display": "0", "missing_lines": 39, "excluded_lines": 0}, "missing_lines": [1188, 1189, 1193, 1194, 1198, 1199, 1201, 1205, 1206, 1208, 1209, 1213, 1214, 1215, 1217, 1219, 1222, 1223, 1224, 1225, 1226, 1227, 1232, 1235, 1241, 1242, 1243, 1244, 1245, 1248, 1249, 1252, 1254, 1258, 1259, 1263, 1270, 1271, 1272], "excluded_lines": []}, "startup": {"executed_lines": [], "summary": {"covered_lines": 0, "num_statements": 2, "percent_covered": 0.0, "percent_covered_display": "0", "missing_lines": 2, "excluded_lines": 0}, "missing_lines": [1278, 1279], "excluded_lines": []}, "shutdown": {"executed_lines": [], "summary": {"covered_lines": 0, "num_statements": 1, "percent_covered": 0.0, "percent_covered_display": "0", "missing_lines": 1, "excluded_lines": 0}, "missing_lines": [1284], "excluded_lines": []}, "get_arq_pool": {"executed_lines": [1365, 1366], "summary": {"covered_lines": 2, "num_statements": 2, "percent_covered": 100.0, "percent_covered_display": "100", "missing_lines": 0, "excluded_lines": 0}, "missing_lines": [], "excluded_lines": []}, "": {"executed_lines": [1, 14, 15, 16, 17, 18, 20, 21, 23, 28, 29, 30, 32, 36, 86, 140, 192, 272, 350, 752, 842, 918, 1002, 1059, 1173, 1276, 1282, 1288, 1289, 1308, 1317, 1333, 1336, 1337, 1338, 1341, 1342, 1345, 1348, 1351, 1355], "summary": {"covered_lines": 39, "num_statements": 39, "percent_covered": 100.0, "percent_covered_display": "100", "missing_lines": 0, "excluded_lines": 0}, "missing_lines": [], "excluded_lines": []}}, "classes": {"WorkerSettings": {"executed_lines": [], "summary": {"covered_lines": 0, "num_statements": 0, "percent_covered": 100.0, "percent_covered_display": "100", "missing_lines": 0, "excluded_lines": 0}, "missing_lines": [], "excluded_lines": []}, "": {"executed_lines": [1, 14, 15, 16, 17, 18, 20, 21, 23, 28, 29, 30, 32, 36, 49, 50, 53, 54, 57, 58, 59, 60, 61, 63, 64, 65, 70, 71, 73, 74, 76, 77, 79, 81, 82, 83, 86, 101, 102, 105, 106, 111, 112, 113, 114, 115, 117, 118, 119, 124, 125, 127, 130, 131, 133, 140, 153, 154, 157, 158, 163, 164, 165, 166, 167, 169, 170, 171, 176, 177, 179, 182, 183, 185, 192, 272, 350, 752, 842, 918, 1002, 1059, 1173, 1276, 1282, 1288, 1289, 1308, 1317, 1333, 1336, 1337, 1338, 1341, 1342, 1345, 1348, 1351, 1355, 1365, 1366], "summary": {"covered_lines": 99, "num_statements": 488, "percent_covered": 20.28688524590164, "percent_covered_display": "20", "missing_lines": 389, "excluded_lines": 0}, "missing_lines": [66, 67, 120, 121, 128, 135, 136, 137, 172, 173, 180, 187, 188, 189, 213, 214, 218, 219, 225, 227, 228, 230, 234, 235, 237, 238, 239, 245, 248, 249, 251, 255, 262, 265, 267, 268, 269, 291, 292, 296, 297, 301, 303, 304, 306, 310, 313, 318, 319, 320, 321, 322, 323, 325, 328, 332, 336, 342, 343, 345, 346, 347, 372, 373, 376, 377, 382, 384, 385, 386, 390, 392, 393, 395, 396, 399, 401, 402, 403, 405, 410, 411, 412, 413, 426, 427, 434, 436, 437, 438, 441, 445, 446, 447, 450, 455, 456, 457, 458, 461, 467, 470, 471, 472, 473, 474, 477, 478, 479, 480, 481, 484, 488, 490, 493, 500, 502, 506, 507, 517, 519, 520, 521, 522, 526, 531, 534, 535, 537, 539, 543, 544, 545, 548, 560, 570, 575, 578, 580, 581, 584, 586, 587, 589, 590, 591, 593, 594, 595, 596, 597, 601, 602, 603, 605, 608, 613, 616, 617, 621, 622, 624, 625, 627, 632, 635, 637, 645, 654, 657, 661, 662, 663, 665, 666, 670, 672, 673, 674, 675, 679, 680, 681, 685, 688, 690, 694, 695, 696, 698, 700, 703, 706, 707, 712, 713, 714, 715, 717, 718, 721, 723, 726, 728, 729, 731, 734, 740, 743, 745, 746, 749, 767, 768, 773, 774, 779, 782, 783, 784, 785, 787, 788, 789, 792, 795, 798, 801, 805, 807, 808, 810, 813, 817, 826, 827, 829, 837, 838, 839, 866, 867, 870, 871, 876, 879, 880, 883, 884, 892, 893, 895, 898, 903, 911, 912, 915, 940, 941, 944, 945, 946, 951, 954, 962, 965, 968, 969, 970, 971, 972, 974, 975, 979, 986, 987, 990, 991, 992, 995, 996, 997, 998, 999, 1014, 1015, 1019, 1020, 1024, 1025, 1026, 1027, 1029, 1030, 1031, 1032, 1033, 1034, 1037, 1038, 1039, 1040, 1042, 1043, 1047, 1054, 1055, 1056, 1083, 1084, 1086, 1087, 1091, 1092, 1099, 1103, 1104, 1106, 1107, 1111, 1112, 1113, 1115, 1117, 1120, 1121, 1122, 1123, 1124, 1125, 1130, 1133, 1139, 1140, 1141, 1142, 1143, 1146, 1147, 1150, 1152, 1156, 1157, 1161, 1168, 1169, 1170, 1188, 1189, 1193, 1194, 1198, 1199, 1201, 1205, 1206, 1208, 1209, 1213, 1214, 1215, 1217, 1219, 1222, 1223, 1224, 1225, 1226, 1227, 1232, 1235, 1241, 1242, 1243, 1244, 1245, 1248, 1249, 1252, 1254, 1258, 1259, 1263, 1270, 1271, 1272, 1278, 1279, 1284], "excluded_lines": []}}}}, "totals": {"covered_lines": 5348, "num_statements": 11163, "percent_covered": 47.90826838663442, "percent_covered_display": "48", "missing_lines": 5815, "excluded_lines": 9}}
